#
# There is insufficient memory for the Java Runtime Environment to continue.
# Native memory allocation (malloc) failed to allocate 1755728 bytes for Chunk::new
# Possible reasons:
#   The system is out of physical RAM or swap space
#   In 32 bit mode, the process size limit was hit
# Possible solutions:
#   Reduce memory load on the system
#   Increase physical memory or swap space
#   Check if swap backing store is full
#   Use 64 bit Java on a 64 bit OS
#   Decrease Java heap size (-Xmx/-Xms)
#   Decrease number of Java threads
#   Decrease Java thread stack sizes (-Xss)
#   Set larger code cache with -XX:ReservedCodeCacheSize=
# This output file may be truncated or incomplete.
#
#  Out of Memory Error (allocation.cpp:390), pid=1460, tid=0x0000000000002a00
#
# JRE version: Java(TM) SE Runtime Environment (8.0_172-b11) (build 1.8.0_172-b11)
# Java VM: Java HotSpot(TM) 64-Bit Server VM (25.172-b11 mixed mode windows-amd64 compressed oops)
# Failed to write core dump. Minidumps are not enabled by default on client versions of Windows
#

---------------  T H R E A D  ---------------

Current thread (0x000000001561e000):  JavaThread "C2 CompilerThread0" daemon [_thread_in_native, id=10752, stack(0x0000000017040000,0x0000000017140000)]

Stack: [0x0000000017040000,0x0000000017140000]
[error occurred during error reporting (printing stack bounds), id 0xc0000005]

Native frames: (J=compiled Java code, j=interpreted, Vv=VM code, C=native code)


Current CompileTask:
C2:   8123 4205   !   4       org.springframework.core.annotation.AnnotatedElementUtils::searchWithFindSemantics (785 bytes)


---------------  P R O C E S S  ---------------

Java Threads: ( => current thread )
  0x0000000019c84000 JavaThread "HikariPool-1 connection adder" daemon [_thread_blocked, id=7272, stack(0x000000001d9a0000,0x000000001daa0000)]
  0x0000000019c80000 JavaThread "HikariPool-1 housekeeper" daemon [_thread_blocked, id=12724, stack(0x000000001d6a0000,0x000000001d7a0000)]
  0x000000001d054000 JavaThread "Abandoned connection cleanup thread" daemon [_thread_blocked, id=8112, stack(0x000000001c000000,0x000000001c100000)]
  0x000000001562d800 JavaThread "Service Thread" daemon [_thread_blocked, id=3268, stack(0x0000000017340000,0x0000000017440000)]
  0x0000000015624800 JavaThread "C1 CompilerThread2" daemon [_thread_blocked, id=7536, stack(0x0000000017240000,0x0000000017340000)]
  0x0000000015621800 JavaThread "C2 CompilerThread1" daemon [_thread_in_native, id=14180, stack(0x0000000017140000,0x0000000017240000)]
=>0x000000001561e000 JavaThread "C2 CompilerThread0" daemon [_thread_in_native, id=10752, stack(0x0000000017040000,0x0000000017140000)]
  0x00000000155ea800 JavaThread "Monitor Ctrl-Break" daemon [_thread_in_native, id=5104, stack(0x0000000016f40000,0x0000000017040000)]
  0x00000000155e4800 JavaThread "Attach Listener" daemon [_thread_blocked, id=14272, stack(0x0000000016e40000,0x0000000016f40000)]
  0x0000000016983800 JavaThread "Signal Dispatcher" daemon [_thread_blocked, id=7528, stack(0x0000000016d40000,0x0000000016e40000)]
  0x00000000155be800 JavaThread "Finalizer" daemon [_thread_blocked, id=8304, stack(0x0000000016840000,0x0000000016940000)]
  0x0000000002f97000 JavaThread "Reference Handler" daemon [_thread_blocked, id=1432, stack(0x0000000016740000,0x0000000016840000)]
  0x0000000002ea6000 JavaThread "main" [_thread_in_vm, id=2340, stack(0x0000000002bd0000,0x0000000002cd0000)]

Other Threads:
  0x0000000015597000 VMThread [stack: 0x0000000016640000,0x0000000016740000] [id=284]
  0x0000000016a1d800 WatcherThread [stack: 0x0000000017440000,0x0000000017540000] [id=6768]

VM state:not at safepoint (normal execution)

VM Mutex/Monitor currently owned by a thread: None

Heap:
 PSYoungGen      total 167424K, used 74035K [0x00000000eb000000, 0x00000000f9d80000, 0x0000000100000000)
  eden space 155648K, 40% used [0x00000000eb000000,0x00000000eeccf188,0x00000000f4800000)
  from space 11776K, 99% used [0x00000000f4800000,0x00000000f537da80,0x00000000f5380000)
  to   space 13824K, 0% used [0x00000000f9000000,0x00000000f9000000,0x00000000f9d80000)
 ParOldGen       total 57344K, used 16263K [0x00000000c1000000, 0x00000000c4800000, 0x00000000eb000000)
  object space 57344K, 28% used [0x00000000c1000000,0x00000000c1fe1d48,0x00000000c4800000)
 Metaspace       used 47658K, capacity 49714K, committed 49840K, reserved 1091584K
  class space    used 6389K, capacity 6763K, committed 6832K, reserved 1048576K

Card table byte_map: [0x0000000012360000,0x0000000012560000] byte_map_base: 0x0000000011d58000

Marking Bits: (ParMarkBitMap*) 0x0000000066b33c10
 Begin Bits: [0x0000000012ab0000, 0x0000000013a70000)
 End Bits:   [0x0000000013a70000, 0x0000000014a30000)

Polling page: 0x0000000000840000

CodeCache: size=245760Kb used=14875Kb max_used=15460Kb free=230884Kb
 bounds [0x0000000002fa0000, 0x0000000003ee0000, 0x0000000011fa0000]
 total_blobs=4573 nmethods=4052 adapters=433
 compilation: enabled

Compilation events (10 events):
Event: 8.105 Thread 0x0000000015624800 4501       1       org.springframework.beans.factory.support.AbstractBeanFactory::getConversionService (5 bytes)
Event: 8.105 Thread 0x0000000015624800 nmethod 4501 0x0000000003814d90 code [0x0000000003814ee0, 0x0000000003814ff0]
Event: 8.106 Thread 0x0000000015624800 4502   !   3       java.util.ArrayList$Itr::remove (68 bytes)
Event: 8.106 Thread 0x0000000015624800 nmethod 4502 0x000000000314f190 code [0x000000000314f340, 0x000000000314f918]
Event: 8.111 Thread 0x0000000015621800 nmethod 4478 0x0000000003154090 code [0x0000000003154460, 0x00000000031575e8]
Event: 8.111 Thread 0x0000000015621800 4495       4       org.springframework.util.ObjectUtils::nullSafeEquals (55 bytes)
Event: 8.114 Thread 0x0000000015621800 nmethod 4495 0x00000000037f2410 code [0x00000000037f2600, 0x00000000037f29b0]
Event: 8.114 Thread 0x0000000015621800 4477       4       org.springframework.asm.Label::resolve (214 bytes)
Event: 8.117 Thread 0x0000000015621800 nmethod 4477 0x00000000038268d0 code [0x0000000003826a20, 0x0000000003826d38]
Event: 8.117 Thread 0x0000000015621800 4467       4       org.springframework.core.annotation.AnnotatedElementUtils::hasSearchableMetaAnnotations (64 bytes)

GC Heap History (10 events):
Event: 2.918 GC heap before
{Heap before GC invocations=7 (full 1):
 PSYoungGen      total 68096K, used 65536K [0x00000000eb000000, 0x00000000f3f00000, 0x0000000100000000)
  eden space 65536K, 100% used [0x00000000eb000000,0x00000000ef000000,0x00000000ef000000)
  from space 2560K, 0% used [0x00000000ef000000,0x00000000ef000000,0x00000000ef280000)
  to   space 7680K, 0% used [0x00000000f3780000,0x00000000f3780000,0x00000000f3f00000)
 ParOldGen       total 36864K, used 8056K [0x00000000c1000000, 0x00000000c3400000, 0x00000000eb000000)
  object space 36864K, 21% used [0x00000000c1000000,0x00000000c17de1f0,0x00000000c3400000)
 Metaspace       used 23869K, capacity 24490K, committed 24752K, reserved 1071104K
  class space    used 3078K, capacity 3227K, committed 3248K, reserved 1048576K
Event: 2.925 GC heap after
Heap after GC invocations=7 (full 1):
 PSYoungGen      total 107520K, used 4320K [0x00000000eb000000, 0x00000000f3c00000, 0x0000000100000000)
  eden space 102912K, 0% used [0x00000000eb000000,0x00000000eb000000,0x00000000f1480000)
  from space 4608K, 93% used [0x00000000f3780000,0x00000000f3bb8078,0x00000000f3c00000)
  to   space 7680K, 0% used [0x00000000f2d00000,0x00000000f2d00000,0x00000000f3480000)
 ParOldGen       total 36864K, used 8064K [0x00000000c1000000, 0x00000000c3400000, 0x00000000eb000000)
  object space 36864K, 21% used [0x00000000c1000000,0x00000000c17e01f0,0x00000000c3400000)
 Metaspace       used 23869K, capacity 24490K, committed 24752K, reserved 1071104K
  class space    used 3078K, capacity 3227K, committed 3248K, reserved 1048576K
}
Event: 4.351 GC heap before
{Heap before GC invocations=8 (full 1):
 PSYoungGen      total 107520K, used 107232K [0x00000000eb000000, 0x00000000f3c00000, 0x0000000100000000)
  eden space 102912K, 100% used [0x00000000eb000000,0x00000000f1480000,0x00000000f1480000)
  from space 4608K, 93% used [0x00000000f3780000,0x00000000f3bb8078,0x00000000f3c00000)
  to   space 7680K, 0% used [0x00000000f2d00000,0x00000000f2d00000,0x00000000f3480000)
 ParOldGen       total 36864K, used 8064K [0x00000000c1000000, 0x00000000c3400000, 0x00000000eb000000)
  object space 36864K, 21% used [0x00000000c1000000,0x00000000c17e01f0,0x00000000c3400000)
 Metaspace       used 29646K, capacity 30742K, committed 31024K, reserved 1077248K
  class space    used 3841K, capacity 4071K, committed 4144K, reserved 1048576K
Event: 4.364 GC heap after
Heap after GC invocations=8 (full 1):
 PSYoungGen      total 135680K, used 7676K [0x00000000eb000000, 0x00000000f5d00000, 0x0000000100000000)
  eden space 128000K, 0% used [0x00000000eb000000,0x00000000eb000000,0x00000000f2d00000)
  from space 7680K, 99% used [0x00000000f2d00000,0x00000000f347f330,0x00000000f3480000)
  to   space 9728K, 0% used [0x00000000f5380000,0x00000000f5380000,0x00000000f5d00000)
 ParOldGen       total 36864K, used 10397K [0x00000000c1000000, 0x00000000c3400000, 0x00000000eb000000)
  object space 36864K, 28% used [0x00000000c1000000,0x00000000c1a27640,0x00000000c3400000)
 Metaspace       used 29646K, capacity 30742K, committed 31024K, reserved 1077248K
  class space    used 3841K, capacity 4071K, committed 4144K, reserved 1048576K
}
Event: 5.107 GC heap before
{Heap before GC invocations=9 (full 1):
 PSYoungGen      total 135680K, used 67701K [0x00000000eb000000, 0x00000000f5d00000, 0x0000000100000000)
  eden space 128000K, 46% used [0x00000000eb000000,0x00000000eea9e328,0x00000000f2d00000)
  from space 7680K, 99% used [0x00000000f2d00000,0x00000000f347f330,0x00000000f3480000)
  to   space 9728K, 0% used [0x00000000f5380000,0x00000000f5380000,0x00000000f5d00000)
 ParOldGen       total 36864K, used 10397K [0x00000000c1000000, 0x00000000c3400000, 0x00000000eb000000)
  object space 36864K, 28% used [0x00000000c1000000,0x00000000c1a27640,0x00000000c3400000)
 Metaspace       used 34079K, capacity 35276K, committed 35496K, reserved 1081344K
  class space    used 4339K, capacity 4570K, committed 4656K, reserved 1048576K
Event: 5.117 GC heap after
Heap after GC invocations=9 (full 1):
 PSYoungGen      total 165376K, used 9726K [0x00000000eb000000, 0x00000000f8480000, 0x0000000100000000)
  eden space 155648K, 0% used [0x00000000eb000000,0x00000000eb000000,0x00000000f4800000)
  from space 9728K, 99% used [0x00000000f5380000,0x00000000f5cff9e0,0x00000000f5d00000)
  to   space 11776K, 0% used [0x00000000f4800000,0x00000000f4800000,0x00000000f5380000)
 ParOldGen       total 36864K, used 11742K [0x00000000c1000000, 0x00000000c3400000, 0x00000000eb000000)
  object space 36864K, 31% used [0x00000000c1000000,0x00000000c1b77918,0x00000000c3400000)
 Metaspace       used 34079K, capacity 35276K, committed 35496K, reserved 1081344K
  class space    used 4339K, capacity 4570K, committed 4656K, reserved 1048576K
}
Event: 5.117 GC heap before
{Heap before GC invocations=10 (full 2):
 PSYoungGen      total 165376K, used 9726K [0x00000000eb000000, 0x00000000f8480000, 0x0000000100000000)
  eden space 155648K, 0% used [0x00000000eb000000,0x00000000eb000000,0x00000000f4800000)
  from space 9728K, 99% used [0x00000000f5380000,0x00000000f5cff9e0,0x00000000f5d00000)
  to   space 11776K, 0% used [0x00000000f4800000,0x00000000f4800000,0x00000000f5380000)
 ParOldGen       total 36864K, used 11742K [0x00000000c1000000, 0x00000000c3400000, 0x00000000eb000000)
  object space 36864K, 31% used [0x00000000c1000000,0x00000000c1b77918,0x00000000c3400000)
 Metaspace       used 34079K, capacity 35276K, committed 35496K, reserved 1081344K
  class space    used 4339K, capacity 4570K, committed 4656K, reserved 1048576K
Event: 5.187 GC heap after
Heap after GC invocations=10 (full 2):
 PSYoungGen      total 165376K, used 0K [0x00000000eb000000, 0x00000000f8480000, 0x0000000100000000)
  eden space 155648K, 0% used [0x00000000eb000000,0x00000000eb000000,0x00000000f4800000)
  from space 9728K, 0% used [0x00000000f5380000,0x00000000f5380000,0x00000000f5d00000)
  to   space 11776K, 0% used [0x00000000f4800000,0x00000000f4800000,0x00000000f5380000)
 ParOldGen       total 57344K, used 15520K [0x00000000c1000000, 0x00000000c4800000, 0x00000000eb000000)
  object space 57344K, 27% used [0x00000000c1000000,0x00000000c1f282e0,0x00000000c4800000)
 Metaspace       used 34079K, capacity 35276K, committed 35496K, reserved 1081344K
  class space    used 4339K, capacity 4570K, committed 4656K, reserved 1048576K
}
Event: 7.104 GC heap before
{Heap before GC invocations=11 (full 2):
 PSYoungGen      total 165376K, used 155648K [0x00000000eb000000, 0x00000000f8480000, 0x0000000100000000)
  eden space 155648K, 100% used [0x00000000eb000000,0x00000000f4800000,0x00000000f4800000)
  from space 9728K, 0% used [0x00000000f5380000,0x00000000f5380000,0x00000000f5d00000)
  to   space 11776K, 0% used [0x00000000f4800000,0x00000000f4800000,0x00000000f5380000)
 ParOldGen       total 57344K, used 15520K [0x00000000c1000000, 0x00000000c4800000, 0x00000000eb000000)
  object space 57344K, 27% used [0x00000000c1000000,0x00000000c1f282e0,0x00000000c4800000)
 Metaspace       used 44984K, capacity 46572K, committed 46768K, reserved 1089536K
  class space    used 6006K, capacity 6306K, committed 6320K, reserved 1048576K
Event: 7.313 GC heap after
Heap after GC invocations=11 (full 2):
 PSYoungGen      total 167424K, used 11766K [0x00000000eb000000, 0x00000000f9d80000, 0x0000000100000000)
  eden space 155648K, 0% used [0x00000000eb000000,0x00000000eb000000,0x00000000f4800000)
  from space 11776K, 99% used [0x00000000f4800000,0x00000000f537da80,0x00000000f5380000)
  to   space 13824K, 0% used [0x00000000f9000000,0x00000000f9000000,0x00000000f9d80000)
 ParOldGen       total 57344K, used 16263K [0x00000000c1000000, 0x00000000c4800000, 0x00000000eb000000)
  object space 57344K, 28% used [0x00000000c1000000,0x00000000c1fe1d48,0x00000000c4800000)
 Metaspace       used 44984K, capacity 46572K, committed 46768K, reserved 1089536K
  class space    used 6006K, capacity 6306K, committed 6320K, reserved 1048576K
}

Deoptimization events (10 events):
Event: 7.594 Thread 0x0000000002ea6000 Uncommon trap: reason=range_check action=make_not_entrant pc=0x0000000003b937d0 method=java.lang.String.charAt(I)C @ 27
Event: 7.601 Thread 0x0000000002ea6000 Uncommon trap: reason=unstable_if action=reinterpret pc=0x0000000003bc0bb8 method=org.springframework.asm.Type.getDescriptor(Ljava/lang/StringBuilder;Ljava/lang/Class;)V @ 39
Event: 7.606 Thread 0x0000000002ea6000 Uncommon trap: reason=unstable_if action=reinterpret pc=0x0000000003b56bac method=org.springframework.aop.framework.autoproxy.AbstractAutoProxyCreator.predictBeanType(Ljava/lang/Class;Ljava/lang/String;)Ljava/lang/Class; @ 9
Event: 7.606 Thread 0x0000000002ea6000 Uncommon trap: reason=unstable_if action=reinterpret pc=0x0000000003ae20cc method=org.springframework.beans.factory.support.AbstractAutowireCapableBeanFactory.predictBeanType(Ljava/lang/String;Lorg/springframework/beans/factory/support/RootBeanDefinition;
Event: 7.610 Thread 0x0000000002ea6000 Uncommon trap: reason=unstable_if action=reinterpret pc=0x0000000003a46f2c method=org.springframework.beans.factory.support.AbstractAutowireCapableBeanFactory.predictBeanType(Ljava/lang/String;Lorg/springframework/beans/factory/support/RootBeanDefinition;
Event: 7.753 Thread 0x0000000002ea6000 Uncommon trap: reason=unstable_if action=reinterpret pc=0x00000000034b6b5c method=java.io.WinNTFileSystem.isLetter(C)Z @ 3
Event: 7.756 Thread 0x0000000002ea6000 Uncommon trap: reason=class_check action=maybe_recompile pc=0x0000000003b19570 method=org.springframework.boot.context.properties.source.ConfigurationPropertyName.isIndexed(Ljava/lang/CharSequence;)Z @ 2
Event: 7.756 Thread 0x0000000002ea6000 Uncommon trap: reason=class_check action=maybe_recompile pc=0x0000000003b19570 method=org.springframework.boot.context.properties.source.ConfigurationPropertyName.isIndexed(Ljava/lang/CharSequence;)Z @ 2
Event: 7.756 Thread 0x0000000002ea6000 Uncommon trap: reason=class_check action=maybe_recompile pc=0x0000000003b19570 method=org.springframework.boot.context.properties.source.ConfigurationPropertyName.isIndexed(Ljava/lang/CharSequence;)Z @ 2
Event: 7.756 Thread 0x0000000002ea6000 Uncommon trap: reason=class_check action=maybe_recompile pc=0x0000000003b19570 method=org.springframework.boot.context.properties.source.ConfigurationPropertyName.isIndexed(Ljava/lang/CharSequence;)Z @ 2

Classes redefined (0 events):
No events

Internal exceptions (10 events):
Event: 8.090 Thread 0x0000000002ea6000 Exception <a 'java/lang/ClassNotFoundException': org/springframework/core/OrderedCustomizer> (0x00000000eea88448) thrown at [C:\re\workspace\8-2-build-windows-amd64-cygwin\jdk8u172\10810\hotspot\src\share\vm\classfile\systemDictionary.cpp, line 210]
Event: 8.098 Thread 0x0000000002ea6000 Exception <a 'java/lang/ClassNotFoundException': java/lang/ObjectCustomizer> (0x00000000eeac0868) thrown at [C:\re\workspace\8-2-build-windows-amd64-cygwin\jdk8u172\10810\hotspot\src\share\vm\classfile\systemDictionary.cpp, line 210]
Event: 8.099 Thread 0x0000000002ea6000 Exception <a 'java/lang/ClassNotFoundException': org/springframework/boot/autoconfigure/web/servlet/error/AbstractErrorControllerCustomizer> (0x00000000eeae5828) thrown at [C:\re\workspace\8-2-build-windows-amd64-cygwin\jdk8u172\10810\hotspot\src\share\vm
Event: 8.100 Thread 0x0000000002ea6000 Exception <a 'java/lang/ClassNotFoundException': org/springframework/boot/autoconfigure/web/servlet/error/BasicErrorControllerCustomizer> (0x00000000eeb07b18) thrown at [C:\re\workspace\8-2-build-windows-amd64-cygwin\jdk8u172\10810\hotspot\src\share\vm\cl
Event: 8.100 Thread 0x0000000002ea6000 Exception <a 'java/lang/ClassNotFoundException': org/springframework/boot/web/servlet/error/ErrorControllerCustomizer> (0x00000000eeb2a928) thrown at [C:\re\workspace\8-2-build-windows-amd64-cygwin\jdk8u172\10810\hotspot\src\share\vm\classfile\systemDicti
Event: 8.103 Thread 0x0000000002ea6000 Exception <a 'java/lang/ClassNotFoundException': java/lang/ObjectCustomizer> (0x00000000eeb61c18) thrown at [C:\re\workspace\8-2-build-windows-amd64-cygwin\jdk8u172\10810\hotspot\src\share\vm\classfile\systemDictionary.cpp, line 210]
Event: 8.103 Thread 0x0000000002ea6000 Exception <a 'java/lang/ClassNotFoundException': org/springframework/boot/autoconfigure/web/servlet/WebMvcAutoConfiguration$WebMvcAutoConfigurationAdapter$FaviconConfigurationCustomizer> (0x00000000eeb949f8) thrown at [C:\re\workspace\8-2-build-windows-am
Event: 8.104 Thread 0x0000000002ea6000 Exception <a 'java/lang/ClassNotFoundException': org/springframework/boot/autoconfigure/web/servlet/WebMvcAutoConfiguration$WebMvcAutoConfigurationAdapter$FaviconConfiguration$$EnhancerBySpringCGLIB$$aaa72fb4Customizer> (0x00000000eebd0f58) thrown at [C:\
Event: 8.104 Thread 0x0000000002ea6000 Exception <a 'java/lang/ClassNotFoundException': org/springframework/context/annotation/ConfigurationClassEnhancer$EnhancedConfigurationCustomizer> (0x00000000eebff220) thrown at [C:\re\workspace\8-2-build-windows-amd64-cygwin\jdk8u172\10810\hotspot\src\s
Event: 8.104 Thread 0x0000000002ea6000 Exception <a 'java/lang/ClassNotFoundException': org/springframework/context/ResourceLoaderAwareCustomizer> (0x00000000eec17268) thrown at [C:\re\workspace\8-2-build-windows-amd64-cygwin\jdk8u172\10810\hotspot\src\share\vm\classfile\systemDictionary.cpp, 

Events (10 events):
Event: 8.104 loading class org/springframework/context/annotation/ConfigurationClassEnhancer$EnhancedConfigurationCustomizer
Event: 8.104 loading class org/springframework/context/annotation/ConfigurationClassEnhancer$EnhancedConfigurationCustomizer done
Event: 8.104 loading class org/springframework/context/ResourceLoaderAwareCustomizer
Event: 8.104 loading class org/springframework/context/ResourceLoaderAwareCustomizer done
Event: 8.104 loading class org/springframework/context/ResourceLoaderAwareCustomizer
Event: 8.104 loading class org/springframework/context/ResourceLoaderAwareCustomizer done
Event: 8.104 loading class org/springframework/context/ResourceLoaderAwareCustomizer
Event: 8.104 loading class org/springframework/context/ResourceLoaderAwareCustomizer done
Event: 8.116 loading class org/springframework/web/cors/CorsProcessor
Event: 8.116 loading class org/springframework/web/cors/CorsProcessor done


Dynamic libraries:
0x00007ff665b80000 - 0x00007ff665bb7000 	D:\JDK1.8\jdk\bin\java.exe
0x00007ffadba20000 - 0x00007ffadbc01000 	C:\WINDOWS\SYSTEM32\ntdll.dll
0x00007ffadb750000 - 0x00007ffadb802000 	C:\WINDOWS\System32\KERNEL32.DLL
0x00007ffad7f10000 - 0x00007ffad8183000 	C:\WINDOWS\System32\KERNELBASE.dll
0x00007ffadb030000 - 0x00007ffadb0d1000 	C:\WINDOWS\System32\ADVAPI32.dll
0x00007ffada9f0000 - 0x00007ffadaa8e000 	C:\WINDOWS\System32\msvcrt.dll
0x00007ffadb810000 - 0x00007ffadb86b000 	C:\WINDOWS\System32\sechost.dll
0x00007ffadb600000 - 0x00007ffadb724000 	C:\WINDOWS\System32\RPCRT4.dll
0x00007ffadacc0000 - 0x00007ffadae50000 	C:\WINDOWS\System32\USER32.dll
0x00007ffad8240000 - 0x00007ffad8260000 	C:\WINDOWS\System32\win32u.dll
0x00007ffadb180000 - 0x00007ffadb1a8000 	C:\WINDOWS\System32\GDI32.dll
0x00007ffad8d10000 - 0x00007ffad8ea2000 	C:\WINDOWS\System32\gdi32full.dll
0x00007ffad7e70000 - 0x00007ffad7f0f000 	C:\WINDOWS\System32\msvcp_win.dll
0x00007ffad8bb0000 - 0x00007ffad8caa000 	C:\WINDOWS\System32\ucrtbase.dll
0x00007ffad0020000 - 0x00007ffad0289000 	C:\WINDOWS\WinSxS\amd64_microsoft.windows.common-controls_6595b64144ccf1df_6.0.17134.165_none_fb429645306569ac\COMCTL32.dll
0x00007ffada630000 - 0x00007ffada953000 	C:\WINDOWS\System32\combase.dll
0x00007ffad7df0000 - 0x00007ffad7e6a000 	C:\WINDOWS\System32\bcryptPrimitives.dll
0x00007ffadb140000 - 0x00007ffadb16d000 	C:\WINDOWS\System32\IMM32.DLL
0x00000000687d0000 - 0x00000000688a2000 	D:\JDK1.8\jdk\jre\bin\msvcr100.dll
0x0000000066310000 - 0x0000000066bb3000 	D:\JDK1.8\jdk\jre\bin\server\jvm.dll
0x00007ffada2f0000 - 0x00007ffada2f8000 	C:\WINDOWS\System32\PSAPI.DLL
0x00007ffad49f0000 - 0x00007ffad4a13000 	C:\WINDOWS\SYSTEM32\WINMM.dll
0x00007ffad29f0000 - 0x00007ffad29fa000 	C:\WINDOWS\SYSTEM32\VERSION.dll
0x00007ffad49c0000 - 0x00007ffad49ea000 	C:\WINDOWS\SYSTEM32\winmmbase.dll
0x00007ffad8b60000 - 0x00007ffad8ba9000 	C:\WINDOWS\System32\cfgmgr32.dll
0x00007ffabab50000 - 0x00007ffabab59000 	C:\WINDOWS\SYSTEM32\WSOCK32.dll
0x00007ffadaa90000 - 0x00007ffadaafc000 	C:\WINDOWS\System32\WS2_32.dll
0x0000000069180000 - 0x000000006918f000 	D:\JDK1.8\jdk\jre\bin\verify.dll
0x0000000069150000 - 0x0000000069179000 	D:\JDK1.8\jdk\jre\bin\java.dll
0x0000000068780000 - 0x00000000687a3000 	D:\JDK1.8\jdk\jre\bin\instrument.dll
0x00000000687b0000 - 0x00000000687c6000 	D:\JDK1.8\jdk\jre\bin\zip.dll
0x00007ffad8eb0000 - 0x00007ffada2f0000 	C:\WINDOWS\System32\SHELL32.dll
0x00007ffadb940000 - 0x00007ffadb9e9000 	C:\WINDOWS\System32\shcore.dll
0x00007ffad8260000 - 0x00007ffad896d000 	C:\WINDOWS\System32\windows.storage.dll
0x00007ffadac60000 - 0x00007ffadacb1000 	C:\WINDOWS\System32\shlwapi.dll
0x00007ffad7dd0000 - 0x00007ffad7de1000 	C:\WINDOWS\System32\kernel.appcore.dll
0x00007ffad7d90000 - 0x00007ffad7daf000 	C:\WINDOWS\System32\profapi.dll
0x00007ffad7d40000 - 0x00007ffad7d8c000 	C:\WINDOWS\System32\powrprof.dll
0x00007ffad7d30000 - 0x00007ffad7d3a000 	C:\WINDOWS\System32\FLTLIB.DLL
0x00007ffac9ef0000 - 0x00007ffac9f0a000 	D:\IDEA\IntelliJ IDEA 2018.1.1\bin\breakgen64.dll
0x0000000068760000 - 0x000000006877a000 	D:\JDK1.8\jdk\jre\bin\net.dll
0x00007ffad75b0000 - 0x00007ffad7616000 	C:\WINDOWS\system32\mswsock.dll
0x0000000068730000 - 0x0000000068741000 	D:\JDK1.8\jdk\jre\bin\nio.dll
0x0000000068750000 - 0x000000006875d000 	D:\JDK1.8\jdk\jre\bin\management.dll
0x00007ffacc5e0000 - 0x00007ffacc5f6000 	C:\WINDOWS\system32\napinsp.dll
0x00007ffacc5c0000 - 0x00007ffacc5da000 	C:\WINDOWS\system32\pnrpnsp.dll
0x00007ffad3ab0000 - 0x00007ffad3ac9000 	C:\WINDOWS\system32\NLAapi.dll
0x00007ffad7370000 - 0x00007ffad742e000 	C:\WINDOWS\SYSTEM32\DNSAPI.dll
0x00007ffadb170000 - 0x00007ffadb178000 	C:\WINDOWS\System32\NSI.dll
0x00007ffad7330000 - 0x00007ffad7368000 	C:\WINDOWS\SYSTEM32\IPHLPAPI.DLL
0x00007ffaccb00000 - 0x00007ffaccb0e000 	C:\WINDOWS\System32\winrnr.dll
0x00007ffacfa40000 - 0x00007ffacfa4a000 	C:\Windows\System32\rasadhlp.dll
0x00007ffad30a0000 - 0x00007ffad3112000 	C:\WINDOWS\System32\fwpuclnt.dll
0x00007ffad7890000 - 0x00007ffad78b5000 	C:\WINDOWS\SYSTEM32\bcrypt.dll
0x00007ffad7770000 - 0x00007ffad7787000 	C:\WINDOWS\SYSTEM32\CRYPTSP.dll
0x00007ffad7190000 - 0x00007ffad71c3000 	C:\WINDOWS\system32\rsaenh.dll
0x00007ffad7c30000 - 0x00007ffad7c58000 	C:\WINDOWS\SYSTEM32\USERENV.dll
0x00007ffad7760000 - 0x00007ffad776b000 	C:\WINDOWS\SYSTEM32\CRYPTBASE.dll
0x00007ffad3500000 - 0x00007ffad3516000 	C:\WINDOWS\SYSTEM32\dhcpcsvc6.DLL
0x00007ffad3390000 - 0x00007ffad33aa000 	C:\WINDOWS\SYSTEM32\dhcpcsvc.DLL

VM Arguments:
jvm_args: -ea -Didea.test.cyclic.buffer.size=1048576 -javaagent:D:\IDEA\IntelliJ IDEA 2018.1.1\lib\idea_rt.jar=65488:D:\IDEA\IntelliJ IDEA 2018.1.1\bin -Dfile.encoding=UTF-8 
java_command: com.intellij.rt.execution.junit.JUnitStarter -ideVersion5 -junit4 com.sun.sell.service.impl.OrderServiceImplTest,cancel
java_class_path (initial): D:\IDEA\IntelliJ IDEA 2018.1.1\lib\idea_rt.jar;D:\IDEA\IntelliJ IDEA 2018.1.1\plugins\junit\lib\junit-rt.jar;D:\IDEA\IntelliJ IDEA 2018.1.1\plugins\junit\lib\junit5-rt.jar;D:\JDK1.8\jdk\jre\lib\charsets.jar;D:\JDK1.8\jdk\jre\lib\deploy.jar;D:\JDK1.8\jdk\jre\lib\ext\access-bridge-64.jar;D:\JDK1.8\jdk\jre\lib\ext\cldrdata.jar;D:\JDK1.8\jdk\jre\lib\ext\dnsns.jar;D:\JDK1.8\jdk\jre\lib\ext\jaccess.jar;D:\JDK1.8\jdk\jre\lib\ext\jfxrt.jar;D:\JDK1.8\jdk\jre\lib\ext\localedata.jar;D:\JDK1.8\jdk\jre\lib\ext\nashorn.jar;D:\JDK1.8\jdk\jre\lib\ext\sunec.jar;D:\JDK1.8\jdk\jre\lib\ext\sunjce_provider.jar;D:\JDK1.8\jdk\jre\lib\ext\sunmscapi.jar;D:\JDK1.8\jdk\jre\lib\ext\sunpkcs11.jar;D:\JDK1.8\jdk\jre\lib\ext\zipfs.jar;D:\JDK1.8\jdk\jre\lib\javaws.jar;D:\JDK1.8\jdk\jre\lib\jce.jar;D:\JDK1.8\jdk\jre\lib\jfr.jar;D:\JDK1.8\jdk\jre\lib\jfxswt.jar;D:\JDK1.8\jdk\jre\lib\jsse.jar;D:\JDK1.8\jdk\jre\lib\management-agent.jar;D:\JDK1.8\jdk\jre\lib\plugin.jar;D:\JDK1.8\jdk\jre\lib\resources.jar;D:\JDK1.8\jdk\jre\lib\rt.jar;D:\sell\target\test-classes;D:\sell\target\classes;C:\Users\Administrator\.m2\repository\org\springframework\boot\spring-boot-starter-web\2.0.4.RELEASE\spring-boot-starter-web-2.0.4.RELEASE.jar;C:\Users\Administrator\.m2\repository\org\springframework\boot\spring-boot-starter\2.0.4.RELEASE\spring-boot-starter-2.0.4.RELEASE.jar;C:\Users\Administrator\.m2\repository\org\springframework\boot\spring-boot\2.0.4.RELEASE\spring-boot-2.0.4.RELEASE.jar;C:\Users\Administrator\.m2\repository\org\springframework\boot\spring-boot-autoconfigure\2.0.4.RELEASE\spring-boot-autoconfigure-2.0.4.RELEASE.jar;C:\Users\Administrator\.m2\repository\org\springframework\boot\spring-boot-starter-logging\2.0.4.RELEASE\spring-boot-starter-logging-2.0.4.RELEASE.jar;C:\Users\Administrator\.m2\repository\ch\qos\logback\logback-classic\1.2.3\logback-classic-1.2.3.jar;C:\Users\Administrator\.m2\repository\ch\qos\logback\logback-core\1.2.3\logback-core-1.2.3.jar;C:\Users\Administr
Launcher Type: SUN_STANDARD

Environment Variables:
JAVA_HOME=D:\JDK1.8
PATH=D:\git\Git\cmd;C:\WINDOWS\system32;C:\WINDOWS;C:\WINDOWS\System32\Wbem;C:\WINDOWS\System32\WindowsPowerShell\v1.0\;D:\JDK1.8\bin;C:\Program Files\MySQL\MySQL Utilities 1.6\;D:\Maven\apache-maven-3.0.5\bin;C:\WINDOWS\System32\OpenSSH\;C:\Users\Administrator\AppData\Local\Microsoft\WindowsApps;C:\Program Files\Bandizip\;
USERNAME=Administrator
OS=Windows_NT
PROCESSOR_IDENTIFIER=Intel64 Family 6 Model 60 Stepping 3, GenuineIntel



---------------  S Y S T E M  ---------------

OS: Windows 10.0 , 64 bit Build 17134 (10.0.17134.1)

CPU:total 4 (initial active 4) (4 cores per cpu, 1 threads per core) family 6 model 60 stepping 3, cmov, cx8, fxsr, mmx, sse, sse2, sse3, ssse3, sse4.1, sse4.2, popcnt, avx, avx2, aes, clmul, erms, lzcnt, tsc, tscinvbit, bmi1, bmi2

Memory: 4k page, physical 4126632k(330116k free), swap 10578072k(6616k free)

vm_info: Java HotSpot(TM) 64-Bit Server VM (25.172-b11) for windows-amd64 JRE (1.8.0_172-b11), built on Mar 28 2018 21:21:52 by "java_re" with MS VC++ 10.0 (VS2010)

time: Fri Aug 03 15:28:52 2018
elapsed time: 8 seconds (0d 0h 0m 8s)

