#
# There is insufficient memory for the Java Runtime Environment to continue.
# Native memory allocation (malloc) failed to allocate 3085168 bytes for Chunk::new
# Possible reasons:
#   The system is out of physical RAM or swap space
#   In 32 bit mode, the process size limit was hit
# Possible solutions:
#   Reduce memory load on the system
#   Increase physical memory or swap space
#   Check if swap backing store is full
#   Use 64 bit Java on a 64 bit OS
#   Decrease Java heap size (-Xmx/-Xms)
#   Decrease number of Java threads
#   Decrease Java thread stack sizes (-Xss)
#   Set larger code cache with -XX:ReservedCodeCacheSize=
# This output file may be truncated or incomplete.
#
#  Out of Memory Error (allocation.cpp:390), pid=12320, tid=0x0000000000003228
#
# JRE version: Java(TM) SE Runtime Environment (8.0_172-b11) (build 1.8.0_172-b11)
# Java VM: Java HotSpot(TM) 64-Bit Server VM (25.172-b11 mixed mode windows-amd64 compressed oops)
# Failed to write core dump. Minidumps are not enabled by default on client versions of Windows
#

---------------  T H R E A D  ---------------

Current thread (0x0000000016e20800):  JavaThread "C2 CompilerThread1" daemon [_thread_in_native, id=12840, stack(0x0000000017c30000,0x0000000017d30000)]

Stack: [0x0000000017c30000,0x0000000017d30000]
[error occurred during error reporting (printing stack bounds), id 0xc0000005]

Native frames: (J=compiled Java code, j=interpreted, Vv=VM code, C=native code)


Current CompileTask:
C2:  11166 4783   !   4       org.springframework.util.ReflectionUtils::doWithMethods (176 bytes)


---------------  P R O C E S S  ---------------

Java Threads: ( => current thread )
  0x000000001796b800 JavaThread "HikariPool-1 connection adder" daemon [_thread_blocked, id=9172, stack(0x000000001ede0000,0x000000001eee0000)]
  0x000000001796d000 JavaThread "HikariPool-1 housekeeper" daemon [_thread_blocked, id=8336, stack(0x000000001da70000,0x000000001db70000)]
  0x000000001a3e6800 JavaThread "Abandoned connection cleanup thread" daemon [_thread_blocked, id=3604, stack(0x000000001c670000,0x000000001c770000)]
  0x00000000173fc800 JavaThread "Service Thread" daemon [_thread_blocked, id=12748, stack(0x0000000017e30000,0x0000000017f30000)]
  0x000000001734d800 JavaThread "C1 CompilerThread2" daemon [_thread_blocked, id=11756, stack(0x0000000017d30000,0x0000000017e30000)]
=>0x0000000016e20800 JavaThread "C2 CompilerThread1" daemon [_thread_in_native, id=12840, stack(0x0000000017c30000,0x0000000017d30000)]
  0x0000000017357800 JavaThread "C2 CompilerThread0" daemon [_thread_in_native, id=8884, stack(0x0000000017b30000,0x0000000017c30000)]
  0x00000000156a0000 JavaThread "JDWP Command Reader" daemon [_thread_in_native, id=9192, stack(0x0000000017230000,0x0000000017330000)]
  0x000000001569c800 JavaThread "JDWP Event Helper Thread" daemon [_thread_blocked, id=6648, stack(0x0000000017130000,0x0000000017230000)]
  0x0000000015691000 JavaThread "JDWP Transport Listener: dt_socket" daemon [_thread_blocked, id=11904, stack(0x0000000017030000,0x0000000017130000)]
  0x0000000015687000 JavaThread "Attach Listener" daemon [_thread_blocked, id=7344, stack(0x0000000016f30000,0x0000000017030000)]
  0x0000000016a73800 JavaThread "Signal Dispatcher" daemon [_thread_blocked, id=1992, stack(0x0000000016e30000,0x0000000016f30000)]
  0x000000001564a800 JavaThread "Finalizer" daemon [_thread_blocked, id=12632, stack(0x00000000168d0000,0x00000000169d0000)]
  0x0000000003029800 JavaThread "Reference Handler" daemon [_thread_blocked, id=9476, stack(0x00000000167d0000,0x00000000168d0000)]
  0x0000000000a6d000 JavaThread "main" [_thread_in_vm, id=14172, stack(0x0000000002d30000,0x0000000002e30000)]

Other Threads:
  0x0000000015627800 VMThread [stack: 0x00000000166d0000,0x00000000167d0000] [id=10968]
  0x00000000173ff800 WatcherThread [stack: 0x0000000017f30000,0x0000000018030000] [id=3820]

VM state:not at safepoint (normal execution)

VM Mutex/Monitor currently owned by a thread: None

Heap:
 PSYoungGen      total 193536K, used 11403K [0x00000000eb000000, 0x00000000f7f00000, 0x0000000100000000)
  eden space 183808K, 1% used [0x00000000eb000000,0x00000000eb32d530,0x00000000f6380000)
  from space 9728K, 83% used [0x00000000f6e00000,0x00000000f75f5920,0x00000000f7780000)
  to   space 10752K, 0% used [0x00000000f6380000,0x00000000f6380000,0x00000000f6e00000)
 ParOldGen       total 40960K, used 23170K [0x00000000c1000000, 0x00000000c3800000, 0x00000000eb000000)
  object space 40960K, 56% used [0x00000000c1000000,0x00000000c26a0ae0,0x00000000c3800000)
 Metaspace       used 51821K, capacity 54120K, committed 54272K, reserved 1095680K
  class space    used 6917K, capacity 7340K, committed 7424K, reserved 1048576K

Card table byte_map: [0x00000000123f0000,0x00000000125f0000] byte_map_base: 0x0000000011de8000

Marking Bits: (ParMarkBitMap*) 0x0000000066b33c10
 Begin Bits: [0x0000000012b40000, 0x0000000013b00000)
 End Bits:   [0x0000000013b00000, 0x0000000014ac0000)

Polling page: 0x0000000000f80000

CodeCache: size=245760Kb used=17410Kb max_used=17419Kb free=228350Kb
 bounds [0x0000000003030000, 0x0000000004170000, 0x0000000012030000]
 total_blobs=4877 nmethods=4359 adapters=438
 compilation: enabled

Compilation events (10 events):
Event: 10.808 Thread 0x000000001734d800 4824       3       java.util.concurrent.atomic.AtomicInteger::getAndAdd (12 bytes)
Event: 10.809 Thread 0x000000001734d800 nmethod 4824 0x00000000038378d0 code [0x0000000003837a20, 0x0000000003837b70]
Event: 10.809 Thread 0x000000001734d800 4822       3       java.lang.ThreadLocal::<init> (12 bytes)
Event: 10.809 Thread 0x000000001734d800 nmethod 4822 0x00000000033dc050 code [0x00000000033dc1c0, 0x00000000033dc4d0]
Event: 10.809 Thread 0x000000001734d800 4823       3       java.lang.ThreadLocal::nextHashCode (9 bytes)
Event: 10.809 Thread 0x000000001734d800 nmethod 4823 0x00000000033dbb90 code [0x00000000033dbd00, 0x00000000033dbf30]
Event: 11.150 Thread 0x000000001734d800 4825       3       java.lang.Long::valueOf (36 bytes)
Event: 11.150 Thread 0x000000001734d800 nmethod 4825 0x0000000003366c10 code [0x0000000003366d80, 0x00000000033670f0]
Event: 11.154 Thread 0x000000001734d800 4826       1       com.intellij.rt.debugger.agent.CaptureStorage$WeakKey::access$100 (5 bytes)
Event: 11.154 Thread 0x000000001734d800 nmethod 4826 0x0000000003366950 code [0x0000000003366aa0, 0x0000000003366b90]

GC Heap History (10 events):
Event: 5.589 GC heap before
{Heap before GC invocations=10 (full 1):
 PSYoungGen      total 126976K, used 126532K [0x00000000eb000000, 0x00000000f3a00000, 0x0000000100000000)
  eden space 121856K, 100% used [0x00000000eb000000,0x00000000f2700000,0x00000000f2700000)
  from space 5120K, 91% used [0x00000000f3500000,0x00000000f3991218,0x00000000f3a00000)
  to   space 7168K, 0% used [0x00000000f2c00000,0x00000000f2c00000,0x00000000f3300000)
 ParOldGen       total 26624K, used 5001K [0x00000000c1000000, 0x00000000c2a00000, 0x00000000eb000000)
  object space 26624K, 18% used [0x00000000c1000000,0x00000000c14e24a8,0x00000000c2a00000)
 Metaspace       used 30403K, capacity 31484K, committed 31616K, reserved 1077248K
  class space    used 3904K, capacity 4142K, committed 4224K, reserved 1048576K
Event: 5.601 GC heap after
Heap after GC invocations=10 (full 1):
 PSYoungGen      total 134144K, used 7163K [0x00000000eb000000, 0x00000000f7780000, 0x0000000100000000)
  eden space 126976K, 0% used [0x00000000eb000000,0x00000000eb000000,0x00000000f2c00000)
  from space 7168K, 99% used [0x00000000f2c00000,0x00000000f32fec70,0x00000000f3300000)
  to   space 9728K, 0% used [0x00000000f6e00000,0x00000000f6e00000,0x00000000f7780000)
 ParOldGen       total 26624K, used 8860K [0x00000000c1000000, 0x00000000c2a00000, 0x00000000eb000000)
  object space 26624K, 33% used [0x00000000c1000000,0x00000000c18a7370,0x00000000c2a00000)
 Metaspace       used 30403K, capacity 31484K, committed 31616K, reserved 1077248K
  class space    used 3904K, capacity 4142K, committed 4224K, reserved 1048576K
}
Event: 6.244 GC heap before
{Heap before GC invocations=11 (full 1):
 PSYoungGen      total 134144K, used 44273K [0x00000000eb000000, 0x00000000f7780000, 0x0000000100000000)
  eden space 126976K, 29% used [0x00000000eb000000,0x00000000ed43da38,0x00000000f2c00000)
  from space 7168K, 99% used [0x00000000f2c00000,0x00000000f32fec70,0x00000000f3300000)
  to   space 9728K, 0% used [0x00000000f6e00000,0x00000000f6e00000,0x00000000f7780000)
 ParOldGen       total 26624K, used 8860K [0x00000000c1000000, 0x00000000c2a00000, 0x00000000eb000000)
  object space 26624K, 33% used [0x00000000c1000000,0x00000000c18a7370,0x00000000c2a00000)
 Metaspace       used 34128K, capacity 35290K, committed 35416K, reserved 1081344K
  class space    used 4310K, capacity 4535K, committed 4608K, reserved 1048576K
Event: 6.253 GC heap after
Heap after GC invocations=11 (full 1):
 PSYoungGen      total 193536K, used 8796K [0x00000000eb000000, 0x00000000f7f00000, 0x0000000100000000)
  eden space 183808K, 0% used [0x00000000eb000000,0x00000000eb000000,0x00000000f6380000)
  from space 9728K, 90% used [0x00000000f6e00000,0x00000000f7697380,0x00000000f7780000)
  to   space 10752K, 0% used [0x00000000f6380000,0x00000000f6380000,0x00000000f6e00000)
 ParOldGen       total 26624K, used 10070K [0x00000000c1000000, 0x00000000c2a00000, 0x00000000eb000000)
  object space 26624K, 37% used [0x00000000c1000000,0x00000000c19d5aa8,0x00000000c2a00000)
 Metaspace       used 34128K, capacity 35290K, committed 35416K, reserved 1081344K
  class space    used 4310K, capacity 4535K, committed 4608K, reserved 1048576K
}
Event: 6.253 GC heap before
{Heap before GC invocations=12 (full 2):
 PSYoungGen      total 193536K, used 8796K [0x00000000eb000000, 0x00000000f7f00000, 0x0000000100000000)
  eden space 183808K, 0% used [0x00000000eb000000,0x00000000eb000000,0x00000000f6380000)
  from space 9728K, 90% used [0x00000000f6e00000,0x00000000f7697380,0x00000000f7780000)
  to   space 10752K, 0% used [0x00000000f6380000,0x00000000f6380000,0x00000000f6e00000)
 ParOldGen       total 26624K, used 10070K [0x00000000c1000000, 0x00000000c2a00000, 0x00000000eb000000)
  object space 26624K, 37% used [0x00000000c1000000,0x00000000c19d5aa8,0x00000000c2a00000)
 Metaspace       used 34128K, capacity 35290K, committed 35416K, reserved 1081344K
  class space    used 4310K, capacity 4535K, committed 4608K, reserved 1048576K
Event: 6.298 GC heap after
Heap after GC invocations=12 (full 2):
 PSYoungGen      total 193536K, used 0K [0x00000000eb000000, 0x00000000f7f00000, 0x0000000100000000)
  eden space 183808K, 0% used [0x00000000eb000000,0x00000000eb000000,0x00000000f6380000)
  from space 9728K, 0% used [0x00000000f6e00000,0x00000000f6e00000,0x00000000f7780000)
  to   space 10752K, 0% used [0x00000000f6380000,0x00000000f6380000,0x00000000f6e00000)
 ParOldGen       total 40960K, used 14684K [0x00000000c1000000, 0x00000000c3800000, 0x00000000eb000000)
  object space 40960K, 35% used [0x00000000c1000000,0x00000000c1e573d8,0x00000000c3800000)
 Metaspace       used 34128K, capacity 35290K, committed 35416K, reserved 1081344K
  class space    used 4310K, capacity 4535K, committed 4608K, reserved 1048576K
}
Event: 8.456 GC heap before
{Heap before GC invocations=13 (full 2):
 PSYoungGen      total 193536K, used 183808K [0x00000000eb000000, 0x00000000f7f00000, 0x0000000100000000)
  eden space 183808K, 100% used [0x00000000eb000000,0x00000000f6380000,0x00000000f6380000)
  from space 9728K, 0% used [0x00000000f6e00000,0x00000000f6e00000,0x00000000f7780000)
  to   space 10752K, 0% used [0x00000000f6380000,0x00000000f6380000,0x00000000f6e00000)
 ParOldGen       total 40960K, used 14684K [0x00000000c1000000, 0x00000000c3800000, 0x00000000eb000000)
  object space 40960K, 35% used [0x00000000c1000000,0x00000000c1e573d8,0x00000000c3800000)
 Metaspace       used 47141K, capacity 48910K, committed 49152K, reserved 1091584K
  class space    used 6249K, capacity 6587K, committed 6656K, reserved 1048576K
Event: 8.478 GC heap after
Heap after GC invocations=13 (full 2):
 PSYoungGen      total 194560K, used 10749K [0x00000000eb000000, 0x00000000f7f00000, 0x0000000100000000)
  eden space 183808K, 0% used [0x00000000eb000000,0x00000000eb000000,0x00000000f6380000)
  from space 10752K, 99% used [0x00000000f6380000,0x00000000f6dff5c8,0x00000000f6e00000)
  to   space 9728K, 0% used [0x00000000f6e00000,0x00000000f6e00000,0x00000000f7780000)
 ParOldGen       total 40960K, used 18706K [0x00000000c1000000, 0x00000000c3800000, 0x00000000eb000000)
  object space 40960K, 45% used [0x00000000c1000000,0x00000000c2244970,0x00000000c3800000)
 Metaspace       used 47141K, capacity 48910K, committed 49152K, reserved 1091584K
  class space    used 6249K, capacity 6587K, committed 6656K, reserved 1048576K
}
Event: 11.112 GC heap before
{Heap before GC invocations=14 (full 2):
 PSYoungGen      total 194560K, used 194557K [0x00000000eb000000, 0x00000000f7f00000, 0x0000000100000000)
  eden space 183808K, 100% used [0x00000000eb000000,0x00000000f6380000,0x00000000f6380000)
  from space 10752K, 99% used [0x00000000f6380000,0x00000000f6dff5c8,0x00000000f6e00000)
  to   space 9728K, 0% used [0x00000000f6e00000,0x00000000f6e00000,0x00000000f7780000)
 ParOldGen       total 40960K, used 18706K [0x00000000c1000000, 0x00000000c3800000, 0x00000000eb000000)
  object space 40960K, 45% used [0x00000000c1000000,0x00000000c2244970,0x00000000c3800000)
 Metaspace       used 51763K, capacity 54024K, committed 54272K, reserved 1095680K
  class space    used 6907K, capacity 7308K, committed 7424K, reserved 1048576K
Event: 11.140 GC heap after
Heap after GC invocations=14 (full 2):
 PSYoungGen      total 193536K, used 8150K [0x00000000eb000000, 0x00000000f7f00000, 0x0000000100000000)
  eden space 183808K, 0% used [0x00000000eb000000,0x00000000eb000000,0x00000000f6380000)
  from space 9728K, 83% used [0x00000000f6e00000,0x00000000f75f5920,0x00000000f7780000)
  to   space 10752K, 0% used [0x00000000f6380000,0x00000000f6380000,0x00000000f6e00000)
 ParOldGen       total 40960K, used 23170K [0x00000000c1000000, 0x00000000c3800000, 0x00000000eb000000)
  object space 40960K, 56% used [0x00000000c1000000,0x00000000c26a0ae0,0x00000000c3800000)
 Metaspace       used 51763K, capacity 54024K, committed 54272K, reserved 1095680K
  class space    used 6907K, capacity 7308K, committed 7424K, reserved 1048576K
}

Deoptimization events (10 events):
Event: 9.726 Thread 0x0000000000a6d000 Uncommon trap: reason=class_check action=maybe_recompile pc=0x00000000040d1b9c method=org.springframework.util.ConcurrentReferenceHashMap$Segment.findInChain(Lorg/springframework/util/ConcurrentReferenceHashMap$Reference;Ljava/lang/Object;I)Lorg/springfra
Event: 9.733 Thread 0x0000000000a6d000 Uncommon trap: reason=class_check action=maybe_recompile pc=0x00000000040d1b9c method=org.springframework.util.ConcurrentReferenceHashMap$Segment.findInChain(Lorg/springframework/util/ConcurrentReferenceHashMap$Reference;Ljava/lang/Object;I)Lorg/springfra
Event: 9.734 Thread 0x0000000000a6d000 Uncommon trap: reason=class_check action=maybe_recompile pc=0x00000000040d1b9c method=org.springframework.util.ConcurrentReferenceHashMap$Segment.findInChain(Lorg/springframework/util/ConcurrentReferenceHashMap$Reference;Ljava/lang/Object;I)Lorg/springfra
Event: 9.744 Thread 0x0000000000a6d000 Uncommon trap: reason=class_check action=maybe_recompile pc=0x00000000040d1b9c method=org.springframework.util.ConcurrentReferenceHashMap$Segment.findInChain(Lorg/springframework/util/ConcurrentReferenceHashMap$Reference;Ljava/lang/Object;I)Lorg/springfra
Event: 9.792 Thread 0x0000000000a6d000 Uncommon trap: reason=null_check action=make_not_entrant pc=0x000000000411f024 method=org.springframework.core.annotation.AnnotatedElementUtils.searchWithGetSemanticsInAnnotations(Ljava/lang/reflect/AnnotatedElement;Ljava/util/List;Ljava/lang/Class;Ljava/
Event: 10.184 Thread 0x0000000000a6d000 Uncommon trap: reason=unstable_if action=reinterpret pc=0x000000000316f13c method=java.util.concurrent.ConcurrentHashMap.transfer([Ljava/util/concurrent/ConcurrentHashMap$Node;[Ljava/util/concurrent/ConcurrentHashMap$Node;)V @ 356
Event: 10.184 Thread 0x0000000000a6d000 Uncommon trap: reason=unstable_if action=reinterpret pc=0x00000000031cd208 method=java.util.concurrent.ConcurrentHashMap.transfer([Ljava/util/concurrent/ConcurrentHashMap$Node;[Ljava/util/concurrent/ConcurrentHashMap$Node;)V @ 356
Event: 10.748 Thread 0x0000000000a6d000 Uncommon trap: reason=unstable_if action=reinterpret pc=0x0000000003c7dcd4 method=org.springframework.util.ConcurrentReferenceHashMap$Segment.clear()V @ 4
Event: 10.795 Thread 0x0000000000a6d000 Uncommon trap: reason=unstable_if action=reinterpret pc=0x000000000386b3bc method=java.util.LinkedHashMap.get(Ljava/lang/Object;)Ljava/lang/Object; @ 20
Event: 10.812 Thread 0x0000000000a6d000 Uncommon trap: reason=unstable_if action=reinterpret pc=0x0000000003ee6d9c method=org.springframework.core.annotation.AnnotatedElementUtils$MergedAnnotationAttributesProcessor.<init>(ZZZ)V @ 21

Classes redefined (0 events):
No events

Internal exceptions (10 events):
Event: 10.701 Thread 0x0000000000a6d000 Exception <a 'java/lang/ClassNotFoundException': org/springframework/context/EnvironmentAwareCustomizer> (0x00000000f514d300) thrown at [C:\re\workspace\8-2-build-windows-amd64-cygwin\jdk8u172\10810\hotspot\src\share\vm\classfile\systemDictionary.cpp, lin
Event: 10.702 Thread 0x0000000000a6d000 Exception <a 'java/lang/ClassNotFoundException': org/springframework/core/env/EnvironmentCapableCustomizer> (0x00000000f51665d8) thrown at [C:\re\workspace\8-2-build-windows-amd64-cygwin\jdk8u172\10810\hotspot\src\share\vm\classfile\systemDictionary.cpp, 
Event: 10.702 Thread 0x0000000000a6d000 Exception <a 'java/lang/ClassNotFoundException': org/springframework/web/context/ServletContextAwareCustomizer> (0x00000000f5181448) thrown at [C:\re\workspace\8-2-build-windows-amd64-cygwin\jdk8u172\10810\hotspot\src\share\vm\classfile\systemDictionary.c
Event: 10.702 Thread 0x0000000000a6d000 Exception <a 'java/lang/ClassNotFoundException': org/springframework/beans/factory/InitializingBeanCustomizer> (0x00000000f519baa8) thrown at [C:\re\workspace\8-2-build-windows-amd64-cygwin\jdk8u172\10810\hotspot\src\share\vm\classfile\systemDictionary.cp
Event: 10.703 Thread 0x0000000000a6d000 Exception <a 'java/lang/ClassNotFoundException': org/springframework/beans/factory/DisposableBeanCustomizer> (0x00000000f51b4668) thrown at [C:\re\workspace\8-2-build-windows-amd64-cygwin\jdk8u172\10810\hotspot\src\share\vm\classfile\systemDictionary.cpp,
Event: 10.706 Thread 0x0000000000a6d000 Exception <a 'java/lang/ClassNotFoundException': java/lang/ObjectCustomizer> (0x00000000f51f5260) thrown at [C:\re\workspace\8-2-build-windows-amd64-cygwin\jdk8u172\10810\hotspot\src\share\vm\classfile\systemDictionary.cpp, line 210]
Event: 10.707 Thread 0x0000000000a6d000 Exception <a 'java/lang/ClassNotFoundException': org/springframework/web/multipart/support/StandardServletMultipartResolverCustomizer> (0x00000000f52192a8) thrown at [C:\re\workspace\8-2-build-windows-amd64-cygwin\jdk8u172\10810\hotspot\src\share\vm\class
Event: 10.708 Thread 0x0000000000a6d000 Exception <a 'java/lang/ClassNotFoundException': org/springframework/web/multipart/MultipartResolverCustomizer> (0x00000000f5237e70) thrown at [C:\re\workspace\8-2-build-windows-amd64-cygwin\jdk8u172\10810\hotspot\src\share\vm\classfile\systemDictionary.c
Event: 10.796 Thread 0x0000000000a6d000 Exception <a 'java/lang/ClassNotFoundException': java/lang/ObjectCustomizer> (0x00000000f5769450) thrown at [C:\re\workspace\8-2-build-windows-amd64-cygwin\jdk8u172\10810\hotspot\src\share\vm\classfile\systemDictionary.cpp, line 210]
Event: 10.796 Thread 0x0000000000a6d000 Exception <a 'java/lang/ClassNotFoundException': com/sun/sell/service/impl/OrderServiceImplTestCustomizer> (0x00000000f5784fb0) thrown at [C:\re\workspace\8-2-build-windows-amd64-cygwin\jdk8u172\10810\hotspot\src\share\vm\classfile\systemDictionary.cpp, l

Events (10 events):
Event: 11.157 Thread 0x0000000000a6d000 DEOPT PACKING pc=0x0000000003df14a4 sp=0x0000000002e2a520
Event: 11.157 Thread 0x0000000000a6d000 DEOPT UNPACKING pc=0x0000000003077890 sp=0x0000000002e2a340 mode 1
Event: 11.157 Thread 0x0000000000a6d000 DEOPT PACKING pc=0x0000000003df123c sp=0x0000000002e2a6b0
Event: 11.157 Thread 0x0000000000a6d000 DEOPT UNPACKING pc=0x0000000003077890 sp=0x0000000002e2a4d0 mode 1
Event: 11.158 loading class org/springframework/cglib/core/EmitUtils$16
Event: 11.158 loading class org/springframework/cglib/core/EmitUtils$16 done
Event: 11.158 Thread 0x0000000000a6d000 DEOPT PACKING pc=0x0000000003df14a4 sp=0x0000000002e2a520
Event: 11.158 Thread 0x0000000000a6d000 DEOPT UNPACKING pc=0x0000000003077890 sp=0x0000000002e2a340 mode 1
Event: 11.158 Thread 0x0000000000a6d000 DEOPT PACKING pc=0x0000000003df123c sp=0x0000000002e2a6b0
Event: 11.158 Thread 0x0000000000a6d000 DEOPT UNPACKING pc=0x0000000003077890 sp=0x0000000002e2a4d0 mode 1


Dynamic libraries:
0x00007ff665b80000 - 0x00007ff665bb7000 	D:\JDK1.8\jdk\bin\java.exe
0x00007ffadba20000 - 0x00007ffadbc01000 	C:\WINDOWS\SYSTEM32\ntdll.dll
0x00007ffadb750000 - 0x00007ffadb802000 	C:\WINDOWS\System32\KERNEL32.DLL
0x00007ffad7f10000 - 0x00007ffad8183000 	C:\WINDOWS\System32\KERNELBASE.dll
0x00007ffadb030000 - 0x00007ffadb0d1000 	C:\WINDOWS\System32\ADVAPI32.dll
0x00007ffada9f0000 - 0x00007ffadaa8e000 	C:\WINDOWS\System32\msvcrt.dll
0x00007ffadb810000 - 0x00007ffadb86b000 	C:\WINDOWS\System32\sechost.dll
0x00007ffadb600000 - 0x00007ffadb724000 	C:\WINDOWS\System32\RPCRT4.dll
0x00007ffadacc0000 - 0x00007ffadae50000 	C:\WINDOWS\System32\USER32.dll
0x00007ffad8240000 - 0x00007ffad8260000 	C:\WINDOWS\System32\win32u.dll
0x00007ffadb180000 - 0x00007ffadb1a8000 	C:\WINDOWS\System32\GDI32.dll
0x00007ffad8d10000 - 0x00007ffad8ea2000 	C:\WINDOWS\System32\gdi32full.dll
0x00007ffad7e70000 - 0x00007ffad7f0f000 	C:\WINDOWS\System32\msvcp_win.dll
0x00007ffad8bb0000 - 0x00007ffad8caa000 	C:\WINDOWS\System32\ucrtbase.dll
0x00007ffad0020000 - 0x00007ffad0289000 	C:\WINDOWS\WinSxS\amd64_microsoft.windows.common-controls_6595b64144ccf1df_6.0.17134.165_none_fb429645306569ac\COMCTL32.dll
0x00007ffada630000 - 0x00007ffada953000 	C:\WINDOWS\System32\combase.dll
0x00007ffad7df0000 - 0x00007ffad7e6a000 	C:\WINDOWS\System32\bcryptPrimitives.dll
0x00007ffadb140000 - 0x00007ffadb16d000 	C:\WINDOWS\System32\IMM32.DLL
0x00000000687d0000 - 0x00000000688a2000 	D:\JDK1.8\jdk\jre\bin\msvcr100.dll
0x0000000066310000 - 0x0000000066bb3000 	D:\JDK1.8\jdk\jre\bin\server\jvm.dll
0x00007ffada2f0000 - 0x00007ffada2f8000 	C:\WINDOWS\System32\PSAPI.DLL
0x00007ffad49f0000 - 0x00007ffad4a13000 	C:\WINDOWS\SYSTEM32\WINMM.dll
0x00007ffad29f0000 - 0x00007ffad29fa000 	C:\WINDOWS\SYSTEM32\VERSION.dll
0x00007ffad49c0000 - 0x00007ffad49ea000 	C:\WINDOWS\SYSTEM32\WINMMBASE.dll
0x00007ffad8b60000 - 0x00007ffad8ba9000 	C:\WINDOWS\System32\cfgmgr32.dll
0x00007ffabab50000 - 0x00007ffabab59000 	C:\WINDOWS\SYSTEM32\WSOCK32.dll
0x00007ffadaa90000 - 0x00007ffadaafc000 	C:\WINDOWS\System32\WS2_32.dll
0x0000000069180000 - 0x000000006918f000 	D:\JDK1.8\jdk\jre\bin\verify.dll
0x0000000069150000 - 0x0000000069179000 	D:\JDK1.8\jdk\jre\bin\java.dll
0x00000000686f0000 - 0x0000000068725000 	D:\JDK1.8\jdk\jre\bin\jdwp.dll
0x00000000686e0000 - 0x00000000686e8000 	D:\JDK1.8\jdk\jre\bin\npt.dll
0x0000000068780000 - 0x00000000687a3000 	D:\JDK1.8\jdk\jre\bin\instrument.dll
0x00000000687b0000 - 0x00000000687c6000 	D:\JDK1.8\jdk\jre\bin\zip.dll
0x00007ffad8eb0000 - 0x00007ffada2f0000 	C:\WINDOWS\System32\SHELL32.dll
0x00007ffadb940000 - 0x00007ffadb9e9000 	C:\WINDOWS\System32\shcore.dll
0x00007ffad8260000 - 0x00007ffad896d000 	C:\WINDOWS\System32\windows.storage.dll
0x00007ffadac60000 - 0x00007ffadacb1000 	C:\WINDOWS\System32\shlwapi.dll
0x00007ffad7dd0000 - 0x00007ffad7de1000 	C:\WINDOWS\System32\kernel.appcore.dll
0x00007ffad7d90000 - 0x00007ffad7daf000 	C:\WINDOWS\System32\profapi.dll
0x00007ffad7d40000 - 0x00007ffad7d8c000 	C:\WINDOWS\System32\powrprof.dll
0x00007ffad7d30000 - 0x00007ffad7d3a000 	C:\WINDOWS\System32\FLTLIB.DLL
0x00000000686d0000 - 0x00000000686d9000 	D:\JDK1.8\jdk\jre\bin\dt_socket.dll
0x00007ffad75b0000 - 0x00007ffad7616000 	C:\WINDOWS\system32\mswsock.dll
0x0000000068760000 - 0x000000006877a000 	D:\JDK1.8\jdk\jre\bin\net.dll
0x0000000068730000 - 0x0000000068741000 	D:\JDK1.8\jdk\jre\bin\nio.dll
0x0000000068750000 - 0x000000006875d000 	D:\JDK1.8\jdk\jre\bin\management.dll
0x00007ffacc5e0000 - 0x00007ffacc5f6000 	C:\WINDOWS\system32\napinsp.dll
0x00007ffacc5c0000 - 0x00007ffacc5da000 	C:\WINDOWS\system32\pnrpnsp.dll
0x00007ffad3ab0000 - 0x00007ffad3ac9000 	C:\WINDOWS\system32\NLAapi.dll
0x00007ffad7370000 - 0x00007ffad742e000 	C:\WINDOWS\SYSTEM32\DNSAPI.dll
0x00007ffadb170000 - 0x00007ffadb178000 	C:\WINDOWS\System32\NSI.dll
0x00007ffad7330000 - 0x00007ffad7368000 	C:\WINDOWS\SYSTEM32\IPHLPAPI.DLL
0x00007ffaccb00000 - 0x00007ffaccb0e000 	C:\WINDOWS\System32\winrnr.dll
0x00007ffacfa40000 - 0x00007ffacfa4a000 	C:\Windows\System32\rasadhlp.dll
0x00007ffad30a0000 - 0x00007ffad3112000 	C:\WINDOWS\System32\fwpuclnt.dll
0x00007ffad7890000 - 0x00007ffad78b5000 	C:\WINDOWS\SYSTEM32\bcrypt.dll
0x00007ffad7770000 - 0x00007ffad7787000 	C:\WINDOWS\SYSTEM32\CRYPTSP.dll
0x00007ffad7190000 - 0x00007ffad71c3000 	C:\WINDOWS\system32\rsaenh.dll
0x00007ffad7c30000 - 0x00007ffad7c58000 	C:\WINDOWS\SYSTEM32\USERENV.dll
0x00007ffad7760000 - 0x00007ffad776b000 	C:\WINDOWS\SYSTEM32\CRYPTBASE.dll
0x00007ffad3500000 - 0x00007ffad3516000 	C:\WINDOWS\SYSTEM32\dhcpcsvc6.DLL
0x00007ffad3390000 - 0x00007ffad33aa000 	C:\WINDOWS\SYSTEM32\dhcpcsvc.DLL

VM Arguments:
jvm_args: -agentlib:jdwp=transport=dt_socket,address=127.0.0.1:49425,suspend=y,server=n -ea -Didea.test.cyclic.buffer.size=1048576 -javaagent:C:\Users\Administrator\.IntelliJIdea2018.1\system\captureAgent\debugger-agent.jar=file:/C:/Users/Administrator/AppData/Local/Temp/capture.props -Dfile.encoding=UTF-8 
java_command: com.intellij.rt.execution.junit.JUnitStarter -ideVersion5 -junit4 com.sun.sell.service.impl.OrderServiceImplTest,cancel
java_class_path (initial): D:\IDEA\IntelliJ IDEA 2018.1.1\lib\idea_rt.jar;D:\IDEA\IntelliJ IDEA 2018.1.1\plugins\junit\lib\junit-rt.jar;D:\IDEA\IntelliJ IDEA 2018.1.1\plugins\junit\lib\junit5-rt.jar;D:\JDK1.8\jdk\jre\lib\charsets.jar;D:\JDK1.8\jdk\jre\lib\deploy.jar;D:\JDK1.8\jdk\jre\lib\ext\access-bridge-64.jar;D:\JDK1.8\jdk\jre\lib\ext\cldrdata.jar;D:\JDK1.8\jdk\jre\lib\ext\dnsns.jar;D:\JDK1.8\jdk\jre\lib\ext\jaccess.jar;D:\JDK1.8\jdk\jre\lib\ext\jfxrt.jar;D:\JDK1.8\jdk\jre\lib\ext\localedata.jar;D:\JDK1.8\jdk\jre\lib\ext\nashorn.jar;D:\JDK1.8\jdk\jre\lib\ext\sunec.jar;D:\JDK1.8\jdk\jre\lib\ext\sunjce_provider.jar;D:\JDK1.8\jdk\jre\lib\ext\sunmscapi.jar;D:\JDK1.8\jdk\jre\lib\ext\sunpkcs11.jar;D:\JDK1.8\jdk\jre\lib\ext\zipfs.jar;D:\JDK1.8\jdk\jre\lib\javaws.jar;D:\JDK1.8\jdk\jre\lib\jce.jar;D:\JDK1.8\jdk\jre\lib\jfr.jar;D:\JDK1.8\jdk\jre\lib\jfxswt.jar;D:\JDK1.8\jdk\jre\lib\jsse.jar;D:\JDK1.8\jdk\jre\lib\management-agent.jar;D:\JDK1.8\jdk\jre\lib\plugin.jar;D:\JDK1.8\jdk\jre\lib\resources.jar;D:\JDK1.8\jdk\jre\lib\rt.jar;D:\sell\target\test-classes;D:\sell\target\classes;C:\Users\Administrator\.m2\repository\org\springframework\boot\spring-boot-starter-web\2.0.4.RELEASE\spring-boot-starter-web-2.0.4.RELEASE.jar;C:\Users\Administrator\.m2\repository\org\springframework\boot\spring-boot-starter\2.0.4.RELEASE\spring-boot-starter-2.0.4.RELEASE.jar;C:\Users\Administrator\.m2\repository\org\springframework\boot\spring-boot\2.0.4.RELEASE\spring-boot-2.0.4.RELEASE.jar;C:\Users\Administrator\.m2\repository\org\springframework\boot\spring-boot-autoconfigure\2.0.4.RELEASE\spring-boot-autoconfigure-2.0.4.RELEASE.jar;C:\Users\Administrator\.m2\repository\org\springframework\boot\spring-boot-starter-logging\2.0.4.RELEASE\spring-boot-starter-logging-2.0.4.RELEASE.jar;C:\Users\Administrator\.m2\repository\ch\qos\logback\logback-classic\1.2.3\logback-classic-1.2.3.jar;C:\Users\Administrator\.m2\repository\ch\qos\logback\logback-core\1.2.3\logback-core-1.2.3.jar;C:\Users\Administr
Launcher Type: SUN_STANDARD

Environment Variables:
JAVA_HOME=D:\JDK1.8
PATH=D:\git\Git\cmd;C:\WINDOWS\system32;C:\WINDOWS;C:\WINDOWS\System32\Wbem;C:\WINDOWS\System32\WindowsPowerShell\v1.0\;D:\JDK1.8\bin;C:\Program Files\MySQL\MySQL Utilities 1.6\;D:\Maven\apache-maven-3.0.5\bin;C:\WINDOWS\System32\OpenSSH\;C:\Users\Administrator\AppData\Local\Microsoft\WindowsApps;C:\Program Files\Bandizip\;
USERNAME=Administrator
OS=Windows_NT
PROCESSOR_IDENTIFIER=Intel64 Family 6 Model 60 Stepping 3, GenuineIntel



---------------  S Y S T E M  ---------------

OS: Windows 10.0 , 64 bit Build 17134 (10.0.17134.1)

CPU:total 4 (initial active 4) (4 cores per cpu, 1 threads per core) family 6 model 60 stepping 3, cmov, cx8, fxsr, mmx, sse, sse2, sse3, ssse3, sse4.1, sse4.2, popcnt, avx, avx2, aes, clmul, erms, lzcnt, tsc, tscinvbit, bmi1, bmi2

Memory: 4k page, physical 4126632k(316756k free), swap 10578072k(4156k free)

vm_info: Java HotSpot(TM) 64-Bit Server VM (25.172-b11) for windows-amd64 JRE (1.8.0_172-b11), built on Mar 28 2018 21:21:52 by "java_re" with MS VC++ 10.0 (VS2010)

time: Fri Aug 03 15:30:22 2018
elapsed time: 11 seconds (0d 0h 0m 11s)

