#
# There is insufficient memory for the Java Runtime Environment to continue.
# Native memory allocation (malloc) failed to allocate 32744 bytes for ChunkPool::allocate
# Possible reasons:
#   The system is out of physical RAM or swap space
#   In 32 bit mode, the process size limit was hit
# Possible solutions:
#   Reduce memory load on the system
#   Increase physical memory or swap space
#   Check if swap backing store is full
#   Use 64 bit Java on a 64 bit OS
#   Decrease Java heap size (-Xmx/-Xms)
#   Decrease number of Java threads
#   Decrease Java thread stack sizes (-Xss)
#   Set larger code cache with -XX:ReservedCodeCacheSize=
# This output file may be truncated or incomplete.
#
#  Out of Memory Error (allocation.cpp:273), pid=9592, tid=0x0000000000002218
#
# JRE version: Java(TM) SE Runtime Environment (8.0_172-b11) (build 1.8.0_172-b11)
# Java VM: Java HotSpot(TM) 64-Bit Server VM (25.172-b11 mixed mode windows-amd64 compressed oops)
# Failed to write core dump. Minidumps are not enabled by default on client versions of Windows
#

---------------  T H R E A D  ---------------

Current thread (0x0000000002bad000):  JavaThread "main" [_thread_in_vm, id=8728, stack(0x0000000002bb0000,0x0000000002cb0000)]

Stack: [0x0000000002bb0000,0x0000000002cb0000]
[error occurred during error reporting (printing stack bounds), id 0xc0000005]

Native frames: (J=compiled Java code, j=interpreted, Vv=VM code, C=native code)

Java frames: (J=compiled Java code, j=interpreted, Vv=VM code)
j  org.hibernate.hql.internal.ast.QueryTranslatorImpl.analyze(Lorg/hibernate/hql/internal/ast/HqlParser;Ljava/lang/String;)Lorg/hibernate/hql/internal/ast/HqlSqlWalker;+0
j  org.hibernate.hql.internal.ast.QueryTranslatorImpl.doCompile(Ljava/util/Map;ZLjava/lang/String;)V+57
j  org.hibernate.hql.internal.ast.QueryTranslatorImpl.compile(Ljava/util/Map;Z)V+4
j  org.hibernate.engine.query.spi.HQLQueryPlan.<init>(Ljava/lang/String;Ljava/lang/String;ZLjava/util/Map;Lorg/hibernate/engine/spi/SessionFactoryImplementor;Lorg/hibernate/engine/query/spi/EntityGraphQueryHint;)V+182
j  org.hibernate.engine.query.spi.HQLQueryPlan.<init>(Ljava/lang/String;ZLjava/util/Map;Lorg/hibernate/engine/spi/SessionFactoryImplementor;)V+8
j  org.hibernate.engine.query.spi.QueryPlanCache.getHQLQueryPlan(Ljava/lang/String;ZLjava/util/Map;)Lorg/hibernate/engine/query/spi/HQLQueryPlan;+53
j  org.hibernate.internal.AbstractSharedSessionContract.getQueryPlan(Ljava/lang/String;Z)Lorg/hibernate/engine/query/spi/HQLQueryPlan;+18
j  org.hibernate.internal.AbstractSharedSessionContract.createQuery(Ljava/lang/String;)Lorg/hibernate/query/spi/QueryImplementor;+20
j  org.hibernate.internal.SessionImpl.createQuery(Ljava/lang/String;Ljava/lang/Class;Ljavax/persistence/criteria/Selection;Lorg/hibernate/jpa/spi/HibernateEntityManagerImplementor$QueryOptions;)Lorg/hibernate/query/spi/QueryImplementor;+2
j  org.hibernate.query.criteria.internal.CriteriaQueryImpl$1.buildCompiledQuery(Lorg/hibernate/engine/spi/SessionImplementor;Lorg/hibernate/query/criteria/internal/compile/InterpretedParameterMetadata;)Lorg/hibernate/query/spi/QueryImplementor;+39
j  org.hibernate.query.criteria.internal.compile.CriteriaCompiler.compile(Lorg/hibernate/query/criteria/internal/compile/CompilableCriteria;)Lorg/hibernate/query/spi/QueryImplementor;+124
j  org.hibernate.internal.SessionImpl.createQuery(Ljavax/persistence/criteria/CriteriaQuery;)Lorg/hibernate/query/spi/QueryImplementor;+12
j  org.hibernate.internal.SessionImpl.createQuery(Ljavax/persistence/criteria/CriteriaQuery;)Ljavax/persistence/TypedQuery;+2
v  ~StubRoutines::call_stub
J 1640  sun.reflect.NativeMethodAccessorImpl.invoke0(Ljava/lang/reflect/Method;Ljava/lang/Object;[Ljava/lang/Object;)Ljava/lang/Object; (0 bytes) @ 0x000000000301a93f [0x000000000301a8c0+0x7f]
J 1639 C1 sun.reflect.NativeMethodAccessorImpl.invoke(Ljava/lang/Object;[Ljava/lang/Object;)Ljava/lang/Object; (104 bytes) @ 0x0000000003070924 [0x000000000306f740+0x11e4]
J 2502 C2 sun.reflect.DelegatingMethodAccessorImpl.invoke(Ljava/lang/Object;[Ljava/lang/Object;)Ljava/lang/Object; (10 bytes) @ 0x0000000003087dd0 [0x0000000003087d80+0x50]
J 4082 C1 java.lang.reflect.Method.invoke(Ljava/lang/Object;[Ljava/lang/Object;)Ljava/lang/Object; (62 bytes) @ 0x0000000003dced1c [0x0000000003dce900+0x41c]
j  org.springframework.orm.jpa.SharedEntityManagerCreator$SharedEntityManagerInvocationHandler.invoke(Ljava/lang/Object;Ljava/lang/reflect/Method;[Ljava/lang/Object;)Ljava/lang/Object;+495
j  com.sun.proxy.$Proxy86.createQuery(Ljavax/persistence/criteria/CriteriaQuery;)Ljavax/persistence/TypedQuery;+16
j  org.springframework.data.jpa.repository.query.PartTreeJpaQuery$QueryPreparer.createQuery(Ljavax/persistence/criteria/CriteriaQuery;)Ljavax/persistence/TypedQuery;+22
j  org.springframework.data.jpa.repository.query.PartTreeJpaQuery$QueryPreparer.createQuery([Ljava/lang/Object;)Ljavax/persistence/Query;+104
j  org.springframework.data.jpa.repository.query.PartTreeJpaQuery.doCreateQuery([Ljava/lang/Object;)Ljavax/persistence/Query;+5
j  org.springframework.data.jpa.repository.query.AbstractJpaQuery.createQuery([Ljava/lang/Object;)Ljavax/persistence/Query;+5
j  org.springframework.data.jpa.repository.query.JpaQueryExecution$CollectionExecution.doExecute(Lorg/springframework/data/jpa/repository/query/AbstractJpaQuery;[Ljava/lang/Object;)Ljava/lang/Object;+2
j  org.springframework.data.jpa.repository.query.JpaQueryExecution.execute(Lorg/springframework/data/jpa/repository/query/AbstractJpaQuery;[Ljava/lang/Object;)Ljava/lang/Object;+15
j  org.springframework.data.jpa.repository.query.AbstractJpaQuery.doExecute(Lorg/springframework/data/jpa/repository/query/JpaQueryExecution;[Ljava/lang/Object;)Ljava/lang/Object;+3
j  org.springframework.data.jpa.repository.query.AbstractJpaQuery.execute([Ljava/lang/Object;)Ljava/lang/Object;+6
j  org.springframework.data.repository.core.support.RepositoryFactorySupport$QueryExecutorMethodInterceptor.doInvoke(Lorg/aopalliance/intercept/MethodInvocation;)Ljava/lang/Object;+36
j  org.springframework.data.repository.core.support.RepositoryFactorySupport$QueryExecutorMethodInterceptor.invoke(Lorg/aopalliance/intercept/MethodInvocation;)Ljava/lang/Object;+2
j  org.springframework.aop.framework.ReflectiveMethodInvocation.proceed()Ljava/lang/Object;+101
j  org.springframework.data.projection.DefaultMethodInvokingMethodInterceptor.invoke(Lorg/aopalliance/intercept/MethodInvocation;)Ljava/lang/Object;+15
j  org.springframework.aop.framework.ReflectiveMethodInvocation.proceed()Ljava/lang/Object;+101
j  org.springframework.transaction.interceptor.TransactionInterceptor$$Lambda$586.proceedWithInvocation()Ljava/lang/Object;+4
j  org.springframework.transaction.interceptor.TransactionAspectSupport.invokeWithinTransaction(Ljava/lang/reflect/Method;Ljava/lang/Class;Lorg/springframework/transaction/interceptor/TransactionAspectSupport$InvocationCallback;)Ljava/lang/Object;+73
j  org.springframework.transaction.interceptor.TransactionInterceptor.invoke(Lorg/aopalliance/intercept/MethodInvocation;)Ljava/lang/Object;+42
j  org.springframework.aop.framework.ReflectiveMethodInvocation.proceed()Ljava/lang/Object;+101
j  org.springframework.dao.support.PersistenceExceptionTranslationInterceptor.invoke(Lorg/aopalliance/intercept/MethodInvocation;)Ljava/lang/Object;+1
j  org.springframework.aop.framework.ReflectiveMethodInvocation.proceed()Ljava/lang/Object;+101
j  org.springframework.data.jpa.repository.support.CrudMethodMetadataPostProcessor$CrudMethodMetadataPopulatingMethodInterceptor.invoke(Lorg/aopalliance/intercept/MethodInvocation;)Ljava/lang/Object;+89
j  org.springframework.aop.framework.ReflectiveMethodInvocation.proceed()Ljava/lang/Object;+101
j  org.springframework.aop.interceptor.ExposeInvocationInterceptor.invoke(Lorg/aopalliance/intercept/MethodInvocation;)Ljava/lang/Object;+18
j  org.springframework.aop.framework.ReflectiveMethodInvocation.proceed()Ljava/lang/Object;+101
j  org.springframework.data.repository.core.support.SurroundingTransactionDetectorMethodInterceptor.invoke(Lorg/aopalliance/intercept/MethodInvocation;)Ljava/lang/Object;+14
j  org.springframework.aop.framework.ReflectiveMethodInvocation.proceed()Ljava/lang/Object;+101
j  org.springframework.aop.framework.JdkDynamicAopProxy.invoke(Ljava/lang/Object;Ljava/lang/reflect/Method;[Ljava/lang/Object;)Ljava/lang/Object;+386
j  com.sun.proxy.$Proxy92.findByOrderId(Ljava/lang/String;)Ljava/util/List;+16
j  com.sun.sell.service.impl.OrderServiceImpl.findOne(Ljava/lang/String;)Lcom/sun/sell/dto/OrderDto;+37
j  com.sun.sell.service.impl.OrderServiceImpl$$FastClassBySpringCGLIB$$40e93c4f.invoke(ILjava/lang/Object;[Ljava/lang/Object;)Ljava/lang/Object;+108
j  org.springframework.cglib.proxy.MethodProxy.invoke(Ljava/lang/Object;[Ljava/lang/Object;)Ljava/lang/Object;+19
j  org.springframework.aop.framework.CglibAopProxy$CglibMethodInvocation.invokeJoinpoint()Ljava/lang/Object;+19
j  org.springframework.aop.framework.ReflectiveMethodInvocation.proceed()Ljava/lang/Object;+19
j  org.springframework.transaction.interceptor.TransactionInterceptor$$Lambda$586.proceedWithInvocation()Ljava/lang/Object;+4
j  org.springframework.transaction.interceptor.TransactionAspectSupport.invokeWithinTransaction(Ljava/lang/reflect/Method;Ljava/lang/Class;Lorg/springframework/transaction/interceptor/TransactionAspectSupport$InvocationCallback;)Ljava/lang/Object;+73
j  org.springframework.transaction.interceptor.TransactionInterceptor.invoke(Lorg/aopalliance/intercept/MethodInvocation;)Ljava/lang/Object;+42
j  org.springframework.aop.framework.ReflectiveMethodInvocation.proceed()Ljava/lang/Object;+101
j  org.springframework.aop.framework.CglibAopProxy$DynamicAdvisedInterceptor.intercept(Ljava/lang/Object;Ljava/lang/reflect/Method;[Ljava/lang/Object;Lorg/springframework/cglib/proxy/MethodProxy;)Ljava/lang/Object;+133
j  com.sun.sell.service.impl.OrderServiceImpl$$EnhancerBySpringCGLIB$$6f3b6137.findOne(Ljava/lang/String;)Lcom/sun/sell/dto/OrderDto;+36
j  com.sun.sell.service.impl.OrderServiceImplTest.cancel()V+6
v  ~StubRoutines::call_stub
J 1640  sun.reflect.NativeMethodAccessorImpl.invoke0(Ljava/lang/reflect/Method;Ljava/lang/Object;[Ljava/lang/Object;)Ljava/lang/Object; (0 bytes) @ 0x000000000301a93f [0x000000000301a8c0+0x7f]
J 1639 C1 sun.reflect.NativeMethodAccessorImpl.invoke(Ljava/lang/Object;[Ljava/lang/Object;)Ljava/lang/Object; (104 bytes) @ 0x0000000003070924 [0x000000000306f740+0x11e4]
J 2502 C2 sun.reflect.DelegatingMethodAccessorImpl.invoke(Ljava/lang/Object;[Ljava/lang/Object;)Ljava/lang/Object; (10 bytes) @ 0x0000000003087dd0 [0x0000000003087d80+0x50]
J 4082 C1 java.lang.reflect.Method.invoke(Ljava/lang/Object;[Ljava/lang/Object;)Ljava/lang/Object; (62 bytes) @ 0x0000000003dced1c [0x0000000003dce900+0x41c]
j  org.junit.runners.model.FrameworkMethod$1.runReflectiveCall()Ljava/lang/Object;+15
j  org.junit.internal.runners.model.ReflectiveCallable.run()Ljava/lang/Object;+1
j  org.junit.runners.model.FrameworkMethod.invokeExplosively(Ljava/lang/Object;[Ljava/lang/Object;)Ljava/lang/Object;+10
j  org.junit.internal.runners.statements.InvokeMethod.evaluate()V+12
j  org.springframework.test.context.junit4.statements.RunBeforeTestExecutionCallbacks.evaluate()V+19
j  org.springframework.test.context.junit4.statements.RunAfterTestExecutionCallbacks.evaluate()V+14
j  org.springframework.test.context.junit4.statements.RunBeforeTestMethodCallbacks.evaluate()V+19
j  org.springframework.test.context.junit4.statements.RunAfterTestMethodCallbacks.evaluate()V+14
j  org.springframework.test.context.junit4.statements.SpringRepeat.evaluate()V+82
j  org.junit.runners.ParentRunner.runLeaf(Lorg/junit/runners/model/Statement;Lorg/junit/runner/Description;Lorg/junit/runner/notification/RunNotifier;)V+17
j  org.springframework.test.context.junit4.SpringJUnit4ClassRunner.runChild(Lorg/junit/runners/model/FrameworkMethod;Lorg/junit/runner/notification/RunNotifier;)V+50
j  org.springframework.test.context.junit4.SpringJUnit4ClassRunner.runChild(Ljava/lang/Object;Lorg/junit/runner/notification/RunNotifier;)V+6
j  org.junit.runners.ParentRunner$3.run()V+12
j  org.junit.runners.ParentRunner$1.schedule(Ljava/lang/Runnable;)V+1
j  org.junit.runners.ParentRunner.runChildren(Lorg/junit/runner/notification/RunNotifier;)V+44
j  org.junit.runners.ParentRunner.access$000(Lorg/junit/runners/ParentRunner;Lorg/junit/runner/notification/RunNotifier;)V+2
j  org.junit.runners.ParentRunner$2.evaluate()V+8
j  org.springframework.test.context.junit4.statements.RunBeforeTestClassCallbacks.evaluate()V+11
j  org.springframework.test.context.junit4.statements.RunAfterTestClassCallbacks.evaluate()V+12
j  org.junit.runners.ParentRunner.run(Lorg/junit/runner/notification/RunNotifier;)V+20
j  org.springframework.test.context.junit4.SpringJUnit4ClassRunner.run(Lorg/junit/runner/notification/RunNotifier;)V+24
j  org.junit.runner.JUnitCore.run(Lorg/junit/runner/Runner;)Lorg/junit/runner/Result;+37
j  com.intellij.junit4.JUnit4IdeaTestRunner.startRunnerWithArgs([Ljava/lang/String;Ljava/lang/String;IZ)I+146
j  com.intellij.rt.execution.junit.IdeaTestRunner$Repeater.startRunnerWithArgs(Lcom/intellij/rt/execution/junit/IdeaTestRunner;[Ljava/lang/String;Ljava/util/ArrayList;Ljava/lang/String;IZ)I+22
j  com.intellij.rt.execution.junit.JUnitStarter.prepareStreamsAndStart([Ljava/lang/String;Ljava/lang/String;Ljava/util/ArrayList;Ljava/lang/String;)I+116
j  com.intellij.rt.execution.junit.JUnitStarter.main([Ljava/lang/String;)V+116
v  ~StubRoutines::call_stub

---------------  P R O C E S S  ---------------

Java Threads: ( => current thread )
  0x000000001d91c800 JavaThread "HikariPool-1 connection adder" daemon [_thread_blocked, id=12108, stack(0x000000001fcd0000,0x000000001fdd0000)]
  0x000000001d921800 JavaThread "HikariPool-1 housekeeper" daemon [_thread_blocked, id=9476, stack(0x000000001e910000,0x000000001ea10000)]
  0x0000000019fda000 JavaThread "Abandoned connection cleanup thread" daemon [_thread_blocked, id=3604, stack(0x000000001bfe0000,0x000000001c0e0000)]
  0x0000000017278800 JavaThread "Service Thread" daemon [_thread_blocked, id=12540, stack(0x0000000017cb0000,0x0000000017db0000)]
  0x00000000171cf000 JavaThread "C1 CompilerThread2" daemon [_thread_blocked, id=10272, stack(0x0000000017bb0000,0x0000000017cb0000)]
  0x00000000171d6000 JavaThread "C2 CompilerThread1" daemon [_thread_in_native, id=4844, stack(0x0000000017ab0000,0x0000000017bb0000)]
  0x0000000016cae000 JavaThread "C2 CompilerThread0" daemon [_thread_in_native, id=8804, stack(0x00000000179b0000,0x0000000017ab0000)]
  0x0000000015562000 JavaThread "JDWP Command Reader" daemon [_thread_in_native, id=11904, stack(0x00000000170b0000,0x00000000171b0000)]
  0x000000001555e800 JavaThread "JDWP Event Helper Thread" daemon [_thread_blocked, id=2932, stack(0x0000000016fb0000,0x00000000170b0000)]
  0x0000000015552800 JavaThread "JDWP Transport Listener: dt_socket" daemon [_thread_blocked, id=12324, stack(0x0000000016eb0000,0x0000000016fb0000)]
  0x0000000015549000 JavaThread "Attach Listener" daemon [_thread_blocked, id=12360, stack(0x0000000016db0000,0x0000000016eb0000)]
  0x00000000168f3800 JavaThread "Signal Dispatcher" daemon [_thread_blocked, id=5896, stack(0x0000000016cb0000,0x0000000016db0000)]
  0x0000000015510000 JavaThread "Finalizer" daemon [_thread_blocked, id=6468, stack(0x00000000167b0000,0x00000000168b0000)]
  0x0000000002ee9800 JavaThread "Reference Handler" daemon [_thread_blocked, id=12480, stack(0x00000000166b0000,0x00000000167b0000)]
=>0x0000000002bad000 JavaThread "main" [_thread_in_vm, id=8728, stack(0x0000000002bb0000,0x0000000002cb0000)]

Other Threads:
  0x00000000154e7800 VMThread [stack: 0x00000000165b0000,0x00000000166b0000] [id=4512]
  0x000000001727b800 WatcherThread [stack: 0x0000000017db0000,0x0000000017eb0000] [id=11980]

VM state:not at safepoint (normal execution)

VM Mutex/Monitor currently owned by a thread: None

Heap:
 PSYoungGen      total 202240K, used 200150K [0x00000000eb000000, 0x00000000f8380000, 0x0000000100000000)
  eden space 191488K, 98% used [0x00000000eb000000,0x00000000f68f9be0,0x00000000f6b00000)
  from space 10752K, 99% used [0x00000000f6b00000,0x00000000f757bd00,0x00000000f7580000)
  to   space 9728K, 0% used [0x00000000f7580000,0x00000000f7580000,0x00000000f7f00000)
 ParOldGen       total 39936K, used 19032K [0x00000000c1000000, 0x00000000c3700000, 0x00000000eb000000)
  object space 39936K, 47% used [0x00000000c1000000,0x00000000c2296380,0x00000000c3700000)
 Metaspace       used 53125K, capacity 55418K, committed 55680K, reserved 1099776K
  class space    used 7063K, capacity 7483K, committed 7552K, reserved 1048576K

Card table byte_map: [0x00000000122b0000,0x00000000124b0000] byte_map_base: 0x0000000011ca8000

Marking Bits: (ParMarkBitMap*) 0x0000000066b33c10
 Begin Bits: [0x0000000012a00000, 0x00000000139c0000)
 End Bits:   [0x00000000139c0000, 0x0000000014980000)

Polling page: 0x00000000005f0000

CodeCache: size=245760Kb used=17066Kb max_used=17542Kb free=228693Kb
 bounds [0x0000000002ef0000, 0x0000000004020000, 0x0000000011ef0000]
 total_blobs=4841 nmethods=4315 adapters=446
 compilation: enabled

Compilation events (10 events):
Event: 14.181 Thread 0x00000000171cf000 4853       2       java.util.regex.Pattern$Ques::match (192 bytes)
Event: 14.181 Thread 0x00000000171cf000 nmethod 4853 0x0000000003163dd0 code [0x0000000003163fc0, 0x00000000031644b8]
Event: 14.181 Thread 0x00000000171cf000 4854       2       java.util.regex.Pattern$BmpCharProperty::match (50 bytes)
Event: 14.182 Thread 0x00000000171cf000 nmethod 4854 0x00000000031638d0 code [0x0000000003163a60, 0x0000000003163ca8]
Event: 14.182 Thread 0x00000000171cf000 4855       1       antlr.BaseAST::getNextSibling (5 bytes)
Event: 14.183 Thread 0x00000000171cf000 nmethod 4855 0x00000000031e1e90 code [0x00000000031e1fe0, 0x00000000031e20f0]
Event: 14.183 Thread 0x00000000171cf000 4856       1       antlr.BaseAST::getFirstChild (5 bytes)
Event: 14.183 Thread 0x00000000171cf000 nmethod 4856 0x00000000031e1bd0 code [0x00000000031e1d20, 0x00000000031e1e30]
Event: 14.183 Thread 0x00000000171cf000 4857       2       java.lang.CharacterData::of (120 bytes)
Event: 14.183 Thread 0x00000000171cf000 nmethod 4857 0x00000000031e1310 code [0x00000000031e14a0, 0x00000000031e1990]

GC Heap History (10 events):
Event: 6.481 GC heap before
{Heap before GC invocations=9 (full 1):
 PSYoungGen      total 71680K, used 64512K [0x00000000eb000000, 0x00000000f3c00000, 0x0000000100000000)
  eden space 64512K, 100% used [0x00000000eb000000,0x00000000eef00000,0x00000000eef00000)
  from space 7168K, 0% used [0x00000000eef00000,0x00000000eef00000,0x00000000ef600000)
  to   space 7168K, 0% used [0x00000000f3500000,0x00000000f3500000,0x00000000f3c00000)
 ParOldGen       total 25600K, used 5083K [0x00000000c1000000, 0x00000000c2900000, 0x00000000eb000000)
  object space 25600K, 19% used [0x00000000c1000000,0x00000000c14f6ec0,0x00000000c2900000)
 Metaspace       used 23903K, capacity 24530K, committed 24832K, reserved 1071104K
  class space    used 3060K, capacity 3221K, committed 3328K, reserved 1048576K
Event: 6.487 GC heap after
Heap after GC invocations=9 (full 1):
 PSYoungGen      total 129024K, used 4440K [0x00000000eb000000, 0x00000000f3980000, 0x0000000100000000)
  eden space 124416K, 0% used [0x00000000eb000000,0x00000000eb000000,0x00000000f2980000)
  from space 4608K, 96% used [0x00000000f3500000,0x00000000f39563d0,0x00000000f3980000)
  to   space 7168K, 0% used [0x00000000f2b80000,0x00000000f2b80000,0x00000000f3280000)
 ParOldGen       total 25600K, used 5083K [0x00000000c1000000, 0x00000000c2900000, 0x00000000eb000000)
  object space 25600K, 19% used [0x00000000c1000000,0x00000000c14f6ec0,0x00000000c2900000)
 Metaspace       used 23903K, capacity 24530K, committed 24832K, reserved 1071104K
  class space    used 3060K, capacity 3221K, committed 3328K, reserved 1048576K
}
Event: 8.988 GC heap before
{Heap before GC invocations=10 (full 1):
 PSYoungGen      total 129024K, used 128856K [0x00000000eb000000, 0x00000000f3980000, 0x0000000100000000)
  eden space 124416K, 100% used [0x00000000eb000000,0x00000000f2980000,0x00000000f2980000)
  from space 4608K, 96% used [0x00000000f3500000,0x00000000f39563d0,0x00000000f3980000)
  to   space 7168K, 0% used [0x00000000f2b80000,0x00000000f2b80000,0x00000000f3280000)
 ParOldGen       total 25600K, used 5083K [0x00000000c1000000, 0x00000000c2900000, 0x00000000eb000000)
  object space 25600K, 19% used [0x00000000c1000000,0x00000000c14f6ec0,0x00000000c2900000)
 Metaspace       used 30417K, capacity 31494K, committed 31616K, reserved 1077248K
  class space    used 3913K, capacity 4143K, committed 4224K, reserved 1048576K
Event: 9.001 GC heap after
Heap after GC invocations=10 (full 1):
 PSYoungGen      total 133632K, used 7138K [0x00000000eb000000, 0x00000000f7f00000, 0x0000000100000000)
  eden space 126464K, 0% used [0x00000000eb000000,0x00000000eb000000,0x00000000f2b80000)
  from space 7168K, 99% used [0x00000000f2b80000,0x00000000f3278b88,0x00000000f3280000)
  to   space 9728K, 0% used [0x00000000f7580000,0x00000000f7580000,0x00000000f7f00000)
 ParOldGen       total 25600K, used 9180K [0x00000000c1000000, 0x00000000c2900000, 0x00000000eb000000)
  object space 25600K, 35% used [0x00000000c1000000,0x00000000c18f70e0,0x00000000c2900000)
 Metaspace       used 30417K, capacity 31494K, committed 31616K, reserved 1077248K
  class space    used 3913K, capacity 4143K, committed 4224K, reserved 1048576K
}
Event: 9.535 GC heap before
{Heap before GC invocations=11 (full 1):
 PSYoungGen      total 133632K, used 41347K [0x00000000eb000000, 0x00000000f7f00000, 0x0000000100000000)
  eden space 126464K, 27% used [0x00000000eb000000,0x00000000ed1681d0,0x00000000f2b80000)
  from space 7168K, 99% used [0x00000000f2b80000,0x00000000f3278b88,0x00000000f3280000)
  to   space 9728K, 0% used [0x00000000f7580000,0x00000000f7580000,0x00000000f7f00000)
 ParOldGen       total 25600K, used 9180K [0x00000000c1000000, 0x00000000c2900000, 0x00000000eb000000)
  object space 25600K, 35% used [0x00000000c1000000,0x00000000c18f70e0,0x00000000c2900000)
 Metaspace       used 34123K, capacity 35328K, committed 35416K, reserved 1081344K
  class space    used 4315K, capacity 4568K, committed 4608K, reserved 1048576K
Event: 9.545 GC heap after
Heap after GC invocations=11 (full 1):
 PSYoungGen      total 201216K, used 8957K [0x00000000eb000000, 0x00000000f8380000, 0x0000000100000000)
  eden space 191488K, 0% used [0x00000000eb000000,0x00000000eb000000,0x00000000f6b00000)
  from space 9728K, 92% used [0x00000000f7580000,0x00000000f7e3f410,0x00000000f7f00000)
  to   space 10752K, 0% used [0x00000000f6b00000,0x00000000f6b00000,0x00000000f7580000)
 ParOldGen       total 25600K, used 10262K [0x00000000c1000000, 0x00000000c2900000, 0x00000000eb000000)
  object space 25600K, 40% used [0x00000000c1000000,0x00000000c1a05818,0x00000000c2900000)
 Metaspace       used 34123K, capacity 35328K, committed 35416K, reserved 1081344K
  class space    used 4315K, capacity 4568K, committed 4608K, reserved 1048576K
}
Event: 9.545 GC heap before
{Heap before GC invocations=12 (full 2):
 PSYoungGen      total 201216K, used 8957K [0x00000000eb000000, 0x00000000f8380000, 0x0000000100000000)
  eden space 191488K, 0% used [0x00000000eb000000,0x00000000eb000000,0x00000000f6b00000)
  from space 9728K, 92% used [0x00000000f7580000,0x00000000f7e3f410,0x00000000f7f00000)
  to   space 10752K, 0% used [0x00000000f6b00000,0x00000000f6b00000,0x00000000f7580000)
 ParOldGen       total 25600K, used 10262K [0x00000000c1000000, 0x00000000c2900000, 0x00000000eb000000)
  object space 25600K, 40% used [0x00000000c1000000,0x00000000c1a05818,0x00000000c2900000)
 Metaspace       used 34123K, capacity 35328K, committed 35416K, reserved 1081344K
  class space    used 4315K, capacity 4568K, committed 4608K, reserved 1048576K
Event: 9.598 GC heap after
Heap after GC invocations=12 (full 2):
 PSYoungGen      total 201216K, used 0K [0x00000000eb000000, 0x00000000f8380000, 0x0000000100000000)
  eden space 191488K, 0% used [0x00000000eb000000,0x00000000eb000000,0x00000000f6b00000)
  from space 9728K, 0% used [0x00000000f7580000,0x00000000f7580000,0x00000000f7f00000)
  to   space 10752K, 0% used [0x00000000f6b00000,0x00000000f6b00000,0x00000000f7580000)
 ParOldGen       total 39936K, used 14671K [0x00000000c1000000, 0x00000000c3700000, 0x00000000eb000000)
  object space 39936K, 36% used [0x00000000c1000000,0x00000000c1e53ea8,0x00000000c3700000)
 Metaspace       used 34121K, capacity 35322K, committed 35416K, reserved 1081344K
  class space    used 4314K, capacity 4567K, committed 4608K, reserved 1048576K
}
Event: 12.053 GC heap before
{Heap before GC invocations=13 (full 2):
 PSYoungGen      total 201216K, used 191488K [0x00000000eb000000, 0x00000000f8380000, 0x0000000100000000)
  eden space 191488K, 100% used [0x00000000eb000000,0x00000000f6b00000,0x00000000f6b00000)
  from space 9728K, 0% used [0x00000000f7580000,0x00000000f7580000,0x00000000f7f00000)
  to   space 10752K, 0% used [0x00000000f6b00000,0x00000000f6b00000,0x00000000f7580000)
 ParOldGen       total 39936K, used 14671K [0x00000000c1000000, 0x00000000c3700000, 0x00000000eb000000)
  object space 39936K, 36% used [0x00000000c1000000,0x00000000c1e53ea8,0x00000000c3700000)
 Metaspace       used 47366K, capacity 49098K, committed 49408K, reserved 1091584K
  class space    used 6271K, capacity 6595K, committed 6656K, reserved 1048576K
Event: 12.068 GC heap after
Heap after GC invocations=13 (full 2):
 PSYoungGen      total 202240K, used 10735K [0x00000000eb000000, 0x00000000f8380000, 0x0000000100000000)
  eden space 191488K, 0% used [0x00000000eb000000,0x00000000eb000000,0x00000000f6b00000)
  from space 10752K, 99% used [0x00000000f6b00000,0x00000000f757bd00,0x00000000f7580000)
  to   space 9728K, 0% used [0x00000000f7580000,0x00000000f7580000,0x00000000f7f00000)
 ParOldGen       total 39936K, used 19032K [0x00000000c1000000, 0x00000000c3700000, 0x00000000eb000000)
  object space 39936K, 47% used [0x00000000c1000000,0x00000000c2296380,0x00000000c3700000)
 Metaspace       used 47366K, capacity 49098K, committed 49408K, reserved 1091584K
  class space    used 6271K, capacity 6595K, committed 6656K, reserved 1048576K
}

Deoptimization events (10 events):
Event: 14.165 Thread 0x0000000002bad000 Uncommon trap: reason=bimorphic action=maybe_recompile pc=0x0000000003c0b014 method=java.util.Hashtable.put(Ljava/lang/Object;Ljava/lang/Object;)Ljava/lang/Object; @ 18
Event: 14.165 Thread 0x0000000002bad000 Uncommon trap: reason=bimorphic action=maybe_recompile pc=0x0000000003c0b014 method=java.util.Hashtable.put(Ljava/lang/Object;Ljava/lang/Object;)Ljava/lang/Object; @ 18
Event: 14.165 Thread 0x0000000002bad000 Uncommon trap: reason=bimorphic action=maybe_recompile pc=0x0000000003c0b014 method=java.util.Hashtable.put(Ljava/lang/Object;Ljava/lang/Object;)Ljava/lang/Object; @ 18
Event: 14.165 Thread 0x0000000002bad000 Uncommon trap: reason=bimorphic action=maybe_recompile pc=0x0000000003c0b014 method=java.util.Hashtable.put(Ljava/lang/Object;Ljava/lang/Object;)Ljava/lang/Object; @ 18
Event: 14.170 Thread 0x0000000002bad000 Uncommon trap: reason=bimorphic action=maybe_recompile pc=0x0000000003705f68 method=java.util.Hashtable.get(Ljava/lang/Object;)Ljava/lang/Object; @ 6
Event: 14.174 Thread 0x0000000002bad000 Uncommon trap: reason=bimorphic action=maybe_recompile pc=0x0000000003705f68 method=java.util.Hashtable.get(Ljava/lang/Object;)Ljava/lang/Object; @ 6
Event: 14.174 Thread 0x0000000002bad000 Uncommon trap: reason=bimorphic action=maybe_recompile pc=0x0000000003705f68 method=java.util.Hashtable.get(Ljava/lang/Object;)Ljava/lang/Object; @ 6
Event: 14.174 Thread 0x0000000002bad000 Uncommon trap: reason=bimorphic action=maybe_recompile pc=0x0000000003705f68 method=java.util.Hashtable.get(Ljava/lang/Object;)Ljava/lang/Object; @ 6
Event: 14.175 Thread 0x0000000002bad000 Uncommon trap: reason=unstable_if action=reinterpret pc=0x0000000002ff71c0 method=java.lang.CharacterData.of(I)Ljava/lang/CharacterData; @ 4
Event: 14.181 Thread 0x0000000002bad000 Uncommon trap: reason=unstable_if action=reinterpret pc=0x0000000003bedf30 method=java.util.regex.Pattern$BmpCharProperty.match(Ljava/util/regex/Matcher;ILjava/lang/CharSequence;)Z @ 34

Classes redefined (0 events):
No events

Internal exceptions (10 events):
Event: 13.686 Thread 0x0000000002bad000 Exception <a 'java/lang/ClassNotFoundException': org/springframework/web/context/ServletContextAwareCustomizer> (0x00000000f47bfba0) thrown at [C:\re\workspace\8-2-build-windows-amd64-cygwin\jdk8u172\10810\hotspot\src\share\vm\classfile\systemDictionary.c
Event: 13.686 Thread 0x0000000002bad000 Exception <a 'java/lang/ClassNotFoundException': org/springframework/beans/factory/InitializingBeanCustomizer> (0x00000000f47da200) thrown at [C:\re\workspace\8-2-build-windows-amd64-cygwin\jdk8u172\10810\hotspot\src\share\vm\classfile\systemDictionary.cp
Event: 13.687 Thread 0x0000000002bad000 Exception <a 'java/lang/ClassNotFoundException': org/springframework/beans/factory/DisposableBeanCustomizer> (0x00000000f47f2dc0) thrown at [C:\re\workspace\8-2-build-windows-amd64-cygwin\jdk8u172\10810\hotspot\src\share\vm\classfile\systemDictionary.cpp,
Event: 13.689 Thread 0x0000000002bad000 Exception <a 'java/lang/ClassNotFoundException': java/lang/ObjectCustomizer> (0x00000000f483d2a0) thrown at [C:\re\workspace\8-2-build-windows-amd64-cygwin\jdk8u172\10810\hotspot\src\share\vm\classfile\systemDictionary.cpp, line 210]
Event: 13.690 Thread 0x0000000002bad000 Exception <a 'java/lang/ClassNotFoundException': org/springframework/web/multipart/support/StandardServletMultipartResolverCustomizer> (0x00000000f48612e8) thrown at [C:\re\workspace\8-2-build-windows-amd64-cygwin\jdk8u172\10810\hotspot\src\share\vm\class
Event: 13.691 Thread 0x0000000002bad000 Exception <a 'java/lang/ClassNotFoundException': org/springframework/web/multipart/MultipartResolverCustomizer> (0x00000000f487feb0) thrown at [C:\re\workspace\8-2-build-windows-amd64-cygwin\jdk8u172\10810\hotspot\src\share\vm\classfile\systemDictionary.c
Event: 13.758 Thread 0x0000000002bad000 Exception <a 'java/lang/ClassNotFoundException': java/lang/ObjectCustomizer> (0x00000000f4db1998) thrown at [C:\re\workspace\8-2-build-windows-amd64-cygwin\jdk8u172\10810\hotspot\src\share\vm\classfile\systemDictionary.cpp, line 210]
Event: 13.758 Thread 0x0000000002bad000 Exception <a 'java/lang/ClassNotFoundException': com/sun/sell/service/impl/OrderServiceImplTestCustomizer> (0x00000000f4dcd4f8) thrown at [C:\re\workspace\8-2-build-windows-amd64-cygwin\jdk8u172\10810\hotspot\src\share\vm\classfile\systemDictionary.cpp, l
Event: 13.973 Thread 0x0000000002bad000 Exception <a 'java/lang/NoSuchMethodError': java.lang.Object.lambda$mapIfAllPresent$6(Ljava/util/Optional;Ljava/util/function/BiFunction;Ljava/lang/Object;)Ljava/util/Optional;> (0x00000000f5ab1060) thrown at [C:\re\workspace\8-2-build-windows-amd64-cygwi
Event: 13.974 Thread 0x0000000002bad000 Exception <a 'java/lang/NoSuchMethodError': java.lang.Object.lambda$null$5(Ljava/util/function/BiFunction;Ljava/lang/Object;Ljava/lang/Object;)Ljava/lang/Object;> (0x00000000f5ab5b08) thrown at [C:\re\workspace\8-2-build-windows-amd64-cygwin\jdk8u172\1081

Events (10 events):
Event: 14.188 Thread 0x0000000002bad000 DEOPT PACKING pc=0x0000000003c0cc24 sp=0x0000000002ca64d0
Event: 14.188 Thread 0x0000000002bad000 DEOPT UNPACKING pc=0x0000000002f37890 sp=0x0000000002ca62f0 mode 1
Event: 14.188 Thread 0x0000000002bad000 DEOPT PACKING pc=0x0000000003c0c9bc sp=0x0000000002ca6660
Event: 14.188 Thread 0x0000000002bad000 DEOPT UNPACKING pc=0x0000000002f37890 sp=0x0000000002ca6480 mode 1
Event: 14.189 loading class antlr/TreeParser
Event: 14.189 loading class antlr/TreeParser done
Event: 14.189 Thread 0x0000000002bad000 DEOPT PACKING pc=0x0000000003c0cc24 sp=0x0000000002ca6550
Event: 14.189 Thread 0x0000000002bad000 DEOPT UNPACKING pc=0x0000000002f37890 sp=0x0000000002ca6370 mode 1
Event: 14.189 Thread 0x0000000002bad000 DEOPT PACKING pc=0x0000000003c0c9bc sp=0x0000000002ca66e0
Event: 14.189 Thread 0x0000000002bad000 DEOPT UNPACKING pc=0x0000000002f37890 sp=0x0000000002ca6500 mode 1


Dynamic libraries:
0x00007ff665b80000 - 0x00007ff665bb7000 	D:\JDK1.8\jdk\bin\java.exe
0x00007ffadba20000 - 0x00007ffadbc01000 	C:\WINDOWS\SYSTEM32\ntdll.dll
0x00007ffadb750000 - 0x00007ffadb802000 	C:\WINDOWS\System32\KERNEL32.DLL
0x00007ffad7f10000 - 0x00007ffad8183000 	C:\WINDOWS\System32\KERNELBASE.dll
0x00007ffadb030000 - 0x00007ffadb0d1000 	C:\WINDOWS\System32\ADVAPI32.dll
0x00007ffada9f0000 - 0x00007ffadaa8e000 	C:\WINDOWS\System32\msvcrt.dll
0x00007ffadb810000 - 0x00007ffadb86b000 	C:\WINDOWS\System32\sechost.dll
0x00007ffadb600000 - 0x00007ffadb724000 	C:\WINDOWS\System32\RPCRT4.dll
0x00007ffadacc0000 - 0x00007ffadae50000 	C:\WINDOWS\System32\USER32.dll
0x00007ffad8240000 - 0x00007ffad8260000 	C:\WINDOWS\System32\win32u.dll
0x00007ffadb180000 - 0x00007ffadb1a8000 	C:\WINDOWS\System32\GDI32.dll
0x00007ffad8d10000 - 0x00007ffad8ea2000 	C:\WINDOWS\System32\gdi32full.dll
0x00007ffad7e70000 - 0x00007ffad7f0f000 	C:\WINDOWS\System32\msvcp_win.dll
0x00007ffad8bb0000 - 0x00007ffad8caa000 	C:\WINDOWS\System32\ucrtbase.dll
0x00007ffad0020000 - 0x00007ffad0289000 	C:\WINDOWS\WinSxS\amd64_microsoft.windows.common-controls_6595b64144ccf1df_6.0.17134.165_none_fb429645306569ac\COMCTL32.dll
0x00007ffada630000 - 0x00007ffada953000 	C:\WINDOWS\System32\combase.dll
0x00007ffad7df0000 - 0x00007ffad7e6a000 	C:\WINDOWS\System32\bcryptPrimitives.dll
0x00007ffadb140000 - 0x00007ffadb16d000 	C:\WINDOWS\System32\IMM32.DLL
0x00000000687d0000 - 0x00000000688a2000 	D:\JDK1.8\jdk\jre\bin\msvcr100.dll
0x0000000066310000 - 0x0000000066bb3000 	D:\JDK1.8\jdk\jre\bin\server\jvm.dll
0x00007ffada2f0000 - 0x00007ffada2f8000 	C:\WINDOWS\System32\PSAPI.DLL
0x00007ffad49f0000 - 0x00007ffad4a13000 	C:\WINDOWS\SYSTEM32\WINMM.dll
0x00007ffabab50000 - 0x00007ffabab59000 	C:\WINDOWS\SYSTEM32\WSOCK32.dll
0x00007ffadaa90000 - 0x00007ffadaafc000 	C:\WINDOWS\System32\WS2_32.dll
0x00007ffad49c0000 - 0x00007ffad49ea000 	C:\WINDOWS\SYSTEM32\WINMMBASE.dll
0x00007ffad8b60000 - 0x00007ffad8ba9000 	C:\WINDOWS\System32\cfgmgr32.dll
0x00007ffad29f0000 - 0x00007ffad29fa000 	C:\WINDOWS\SYSTEM32\VERSION.dll
0x0000000069180000 - 0x000000006918f000 	D:\JDK1.8\jdk\jre\bin\verify.dll
0x0000000069150000 - 0x0000000069179000 	D:\JDK1.8\jdk\jre\bin\java.dll
0x00000000686f0000 - 0x0000000068725000 	D:\JDK1.8\jdk\jre\bin\jdwp.dll
0x00000000686e0000 - 0x00000000686e8000 	D:\JDK1.8\jdk\jre\bin\npt.dll
0x0000000068780000 - 0x00000000687a3000 	D:\JDK1.8\jdk\jre\bin\instrument.dll
0x00000000687b0000 - 0x00000000687c6000 	D:\JDK1.8\jdk\jre\bin\zip.dll
0x00007ffad8eb0000 - 0x00007ffada2f0000 	C:\WINDOWS\System32\SHELL32.dll
0x00007ffadb940000 - 0x00007ffadb9e9000 	C:\WINDOWS\System32\shcore.dll
0x00007ffad8260000 - 0x00007ffad896d000 	C:\WINDOWS\System32\windows.storage.dll
0x00007ffadac60000 - 0x00007ffadacb1000 	C:\WINDOWS\System32\shlwapi.dll
0x00007ffad7dd0000 - 0x00007ffad7de1000 	C:\WINDOWS\System32\kernel.appcore.dll
0x00007ffad7d90000 - 0x00007ffad7daf000 	C:\WINDOWS\System32\profapi.dll
0x00007ffad7d40000 - 0x00007ffad7d8c000 	C:\WINDOWS\System32\powrprof.dll
0x00007ffad7d30000 - 0x00007ffad7d3a000 	C:\WINDOWS\System32\FLTLIB.DLL
0x00000000686d0000 - 0x00000000686d9000 	D:\JDK1.8\jdk\jre\bin\dt_socket.dll
0x00007ffad75b0000 - 0x00007ffad7616000 	C:\WINDOWS\system32\mswsock.dll
0x0000000068760000 - 0x000000006877a000 	D:\JDK1.8\jdk\jre\bin\net.dll
0x0000000068730000 - 0x0000000068741000 	D:\JDK1.8\jdk\jre\bin\nio.dll
0x0000000068750000 - 0x000000006875d000 	D:\JDK1.8\jdk\jre\bin\management.dll
0x00007ffacc5e0000 - 0x00007ffacc5f6000 	C:\WINDOWS\system32\napinsp.dll
0x00007ffacc5c0000 - 0x00007ffacc5da000 	C:\WINDOWS\system32\pnrpnsp.dll
0x00007ffad3ab0000 - 0x00007ffad3ac9000 	C:\WINDOWS\system32\NLAapi.dll
0x00007ffad7370000 - 0x00007ffad742e000 	C:\WINDOWS\SYSTEM32\DNSAPI.dll
0x00007ffadb170000 - 0x00007ffadb178000 	C:\WINDOWS\System32\NSI.dll
0x00007ffad7330000 - 0x00007ffad7368000 	C:\WINDOWS\SYSTEM32\IPHLPAPI.DLL
0x00007ffaccb00000 - 0x00007ffaccb0e000 	C:\WINDOWS\System32\winrnr.dll
0x00007ffacfa40000 - 0x00007ffacfa4a000 	C:\Windows\System32\rasadhlp.dll
0x00007ffad30a0000 - 0x00007ffad3112000 	C:\WINDOWS\System32\fwpuclnt.dll
0x00007ffad7890000 - 0x00007ffad78b5000 	C:\WINDOWS\SYSTEM32\bcrypt.dll
0x00007ffad7770000 - 0x00007ffad7787000 	C:\WINDOWS\SYSTEM32\CRYPTSP.dll
0x00007ffad7190000 - 0x00007ffad71c3000 	C:\WINDOWS\system32\rsaenh.dll
0x00007ffad7c30000 - 0x00007ffad7c58000 	C:\WINDOWS\SYSTEM32\USERENV.dll
0x00007ffad7760000 - 0x00007ffad776b000 	C:\WINDOWS\SYSTEM32\CRYPTBASE.dll
0x00007ffad3500000 - 0x00007ffad3516000 	C:\WINDOWS\SYSTEM32\dhcpcsvc6.DLL
0x00007ffad3390000 - 0x00007ffad33aa000 	C:\WINDOWS\SYSTEM32\dhcpcsvc.DLL

VM Arguments:
jvm_args: -agentlib:jdwp=transport=dt_socket,address=127.0.0.1:51221,suspend=y,server=n -ea -Didea.test.cyclic.buffer.size=1048576 -javaagent:C:\Users\Administrator\.IntelliJIdea2018.1\system\captureAgent\debugger-agent.jar=file:/C:/Users/Administrator/AppData/Local/Temp/capture.props -Dfile.encoding=UTF-8 
java_command: com.intellij.rt.execution.junit.JUnitStarter -ideVersion5 -junit4 com.sun.sell.service.impl.OrderServiceImplTest,cancel
java_class_path (initial): D:\IDEA\IntelliJ IDEA 2018.1.1\lib\idea_rt.jar;D:\IDEA\IntelliJ IDEA 2018.1.1\plugins\junit\lib\junit-rt.jar;D:\IDEA\IntelliJ IDEA 2018.1.1\plugins\junit\lib\junit5-rt.jar;D:\JDK1.8\jdk\jre\lib\charsets.jar;D:\JDK1.8\jdk\jre\lib\deploy.jar;D:\JDK1.8\jdk\jre\lib\ext\access-bridge-64.jar;D:\JDK1.8\jdk\jre\lib\ext\cldrdata.jar;D:\JDK1.8\jdk\jre\lib\ext\dnsns.jar;D:\JDK1.8\jdk\jre\lib\ext\jaccess.jar;D:\JDK1.8\jdk\jre\lib\ext\jfxrt.jar;D:\JDK1.8\jdk\jre\lib\ext\localedata.jar;D:\JDK1.8\jdk\jre\lib\ext\nashorn.jar;D:\JDK1.8\jdk\jre\lib\ext\sunec.jar;D:\JDK1.8\jdk\jre\lib\ext\sunjce_provider.jar;D:\JDK1.8\jdk\jre\lib\ext\sunmscapi.jar;D:\JDK1.8\jdk\jre\lib\ext\sunpkcs11.jar;D:\JDK1.8\jdk\jre\lib\ext\zipfs.jar;D:\JDK1.8\jdk\jre\lib\javaws.jar;D:\JDK1.8\jdk\jre\lib\jce.jar;D:\JDK1.8\jdk\jre\lib\jfr.jar;D:\JDK1.8\jdk\jre\lib\jfxswt.jar;D:\JDK1.8\jdk\jre\lib\jsse.jar;D:\JDK1.8\jdk\jre\lib\management-agent.jar;D:\JDK1.8\jdk\jre\lib\plugin.jar;D:\JDK1.8\jdk\jre\lib\resources.jar;D:\JDK1.8\jdk\jre\lib\rt.jar;D:\sell\target\test-classes;D:\sell\target\classes;C:\Users\Administrator\.m2\repository\org\springframework\boot\spring-boot-starter-web\2.0.4.RELEASE\spring-boot-starter-web-2.0.4.RELEASE.jar;C:\Users\Administrator\.m2\repository\org\springframework\boot\spring-boot-starter\2.0.4.RELEASE\spring-boot-starter-2.0.4.RELEASE.jar;C:\Users\Administrator\.m2\repository\org\springframework\boot\spring-boot\2.0.4.RELEASE\spring-boot-2.0.4.RELEASE.jar;C:\Users\Administrator\.m2\repository\org\springframework\boot\spring-boot-autoconfigure\2.0.4.RELEASE\spring-boot-autoconfigure-2.0.4.RELEASE.jar;C:\Users\Administrator\.m2\repository\org\springframework\boot\spring-boot-starter-logging\2.0.4.RELEASE\spring-boot-starter-logging-2.0.4.RELEASE.jar;C:\Users\Administrator\.m2\repository\ch\qos\logback\logback-classic\1.2.3\logback-classic-1.2.3.jar;C:\Users\Administrator\.m2\repository\ch\qos\logback\logback-core\1.2.3\logback-core-1.2.3.jar;C:\Users\Administr
Launcher Type: SUN_STANDARD

Environment Variables:
JAVA_HOME=D:\JDK1.8
PATH=D:\git\Git\cmd;C:\WINDOWS\system32;C:\WINDOWS;C:\WINDOWS\System32\Wbem;C:\WINDOWS\System32\WindowsPowerShell\v1.0\;D:\JDK1.8\bin;C:\Program Files\MySQL\MySQL Utilities 1.6\;D:\Maven\apache-maven-3.0.5\bin;C:\WINDOWS\System32\OpenSSH\;C:\Users\Administrator\AppData\Local\Microsoft\WindowsApps;C:\Program Files\Bandizip\;
USERNAME=Administrator
OS=Windows_NT
PROCESSOR_IDENTIFIER=Intel64 Family 6 Model 60 Stepping 3, GenuineIntel



---------------  S Y S T E M  ---------------

OS: Windows 10.0 , 64 bit Build 17134 (10.0.17134.1)

CPU:total 4 (initial active 4) (4 cores per cpu, 1 threads per core) family 6 model 60 stepping 3, cmov, cx8, fxsr, mmx, sse, sse2, sse3, ssse3, sse4.1, sse4.2, popcnt, avx, avx2, aes, clmul, erms, lzcnt, tsc, tscinvbit, bmi1, bmi2

Memory: 4k page, physical 4126632k(289496k free), swap 10578072k(960k free)

vm_info: Java HotSpot(TM) 64-Bit Server VM (25.172-b11) for windows-amd64 JRE (1.8.0_172-b11), built on Mar 28 2018 21:21:52 by "java_re" with MS VC++ 10.0 (VS2010)

time: Fri Aug 03 15:38:39 2018
elapsed time: 14 seconds (0d 0h 0m 14s)

