#
# There is insufficient memory for the Java Runtime Environment to continue.
# Native memory allocation (malloc) failed to allocate 1867168 bytes for Chunk::new
# Possible reasons:
#   The system is out of physical RAM or swap space
#   In 32 bit mode, the process size limit was hit
# Possible solutions:
#   Reduce memory load on the system
#   Increase physical memory or swap space
#   Check if swap backing store is full
#   Use 64 bit Java on a 64 bit OS
#   Decrease Java heap size (-Xmx/-Xms)
#   Decrease number of Java threads
#   Decrease Java thread stack sizes (-Xss)
#   Set larger code cache with -XX:ReservedCodeCacheSize=
# This output file may be truncated or incomplete.
#
#  Out of Memory Error (allocation.cpp:390), pid=1800, tid=0x0000000000002dec
#
# JRE version: Java(TM) SE Runtime Environment (8.0_172-b11) (build 1.8.0_172-b11)
# Java VM: Java HotSpot(TM) 64-Bit Server VM (25.172-b11 mixed mode windows-amd64 compressed oops)
# Failed to write core dump. Minidumps are not enabled by default on client versions of Windows
#

---------------  T H R E A D  ---------------

Current thread (0x00000000156c4000):  JavaThread "C2 CompilerThread0" daemon [_thread_in_native, id=11756, stack(0x0000000017150000,0x0000000017250000)]

Stack: [0x0000000017150000,0x0000000017250000]
[error occurred during error reporting (printing stack bounds), id 0xc0000005]

Native frames: (J=compiled Java code, j=interpreted, Vv=VM code, C=native code)


Current CompileTask:
C2:   8439 4668   !   4       org.springframework.util.ReflectionUtils::doWithMethods (176 bytes)


---------------  P R O C E S S  ---------------

Java Threads: ( => current thread )
  0x000000001ba1d800 JavaThread "HikariPool-1 connection adder" daemon [_thread_blocked, id=13840, stack(0x000000001db20000,0x000000001dc20000)]
  0x000000001ba1c800 JavaThread "HikariPool-1 housekeeper" daemon [_thread_blocked, id=3260, stack(0x000000001d820000,0x000000001d920000)]
  0x000000001b4d7800 JavaThread "Abandoned connection cleanup thread" daemon [_thread_blocked, id=2444, stack(0x000000001b1f0000,0x000000001b2f0000)]
  0x0000000016b18800 JavaThread "Service Thread" daemon [_thread_blocked, id=11460, stack(0x0000000017450000,0x0000000017550000)]
  0x00000000156d8000 JavaThread "C1 CompilerThread2" daemon [_thread_blocked, id=13788, stack(0x0000000017350000,0x0000000017450000)]
  0x00000000156d0800 JavaThread "C2 CompilerThread1" daemon [_thread_in_native, id=10216, stack(0x0000000017250000,0x0000000017350000)]
=>0x00000000156c4000 JavaThread "C2 CompilerThread0" daemon [_thread_in_native, id=11756, stack(0x0000000017150000,0x0000000017250000)]
  0x00000000156d3000 JavaThread "Monitor Ctrl-Break" daemon [_thread_in_native, id=8868, stack(0x0000000017050000,0x0000000017150000)]
  0x00000000156a7000 JavaThread "Attach Listener" daemon [_thread_blocked, id=384, stack(0x0000000016f50000,0x0000000017050000)]
  0x0000000015695000 JavaThread "Signal Dispatcher" daemon [_thread_blocked, id=13172, stack(0x0000000016e50000,0x0000000016f50000)]
  0x000000000304d800 JavaThread "Finalizer" daemon [_thread_blocked, id=14200, stack(0x00000000168f0000,0x00000000169f0000)]
  0x0000000003048000 JavaThread "Reference Handler" daemon [_thread_blocked, id=14276, stack(0x00000000167f0000,0x00000000168f0000)]
  0x0000000002f56000 JavaThread "main" [_thread_in_vm, id=7948, stack(0x0000000002d30000,0x0000000002e30000)]

Other Threads:
  0x0000000015647800 VMThread [stack: 0x00000000166f0000,0x00000000167f0000] [id=12172]
  0x0000000016b23800 WatcherThread [stack: 0x0000000017550000,0x0000000017650000] [id=2860]

VM state:not at safepoint (normal execution)

VM Mutex/Monitor currently owned by a thread: None

Heap:
 PSYoungGen      total 226304K, used 48266K [0x00000000eb000000, 0x00000000f9e00000, 0x0000000100000000)
  eden space 216064K, 17% used [0x00000000eb000000,0x00000000ed5a89e8,0x00000000f8300000)
  from space 10240K, 94% used [0x00000000f9400000,0x00000000f9d7a128,0x00000000f9e00000)
  to   space 13824K, 0% used [0x00000000f8300000,0x00000000f8300000,0x00000000f9080000)
 ParOldGen       total 47104K, used 21560K [0x00000000c1000000, 0x00000000c3e00000, 0x00000000eb000000)
  object space 47104K, 45% used [0x00000000c1000000,0x00000000c250e1b0,0x00000000c3e00000)
 Metaspace       used 51963K, capacity 54306K, committed 54576K, reserved 1095680K
  class space    used 7007K, capacity 7417K, committed 7472K, reserved 1048576K

Card table byte_map: [0x0000000012410000,0x0000000012610000] byte_map_base: 0x0000000011e08000

Marking Bits: (ParMarkBitMap*) 0x0000000066b33c10
 Begin Bits: [0x0000000012b60000, 0x0000000013b20000)
 End Bits:   [0x0000000013b20000, 0x0000000014ae0000)

Polling page: 0x0000000000b80000

CodeCache: size=245760Kb used=16223Kb max_used=16223Kb free=229536Kb
 bounds [0x0000000003050000, 0x0000000004040000, 0x0000000012050000]
 total_blobs=4825 nmethods=4293 adapters=444
 compilation: enabled

Compilation events (10 events):
Event: 8.341 Thread 0x00000000156d8000 4787   !   3       java.util.concurrent.ConcurrentHashMap::transfer (832 bytes)
Event: 8.343 Thread 0x00000000156d8000 nmethod 4787 0x0000000004027a10 code [0x0000000004027d60, 0x000000000402a2c8]
Event: 8.350 Thread 0x00000000156d8000 4788       2       java.util.Calendar::checkDisplayNameParams (61 bytes)
Event: 8.350 Thread 0x00000000156d8000 nmethod 4788 0x000000000402bd10 code [0x000000000402be80, 0x000000000402c178]
Event: 8.350 Thread 0x00000000156d8000 4789   !   2       java.text.SimpleDateFormat::zeroPaddingNumber (270 bytes)
Event: 8.352 Thread 0x00000000156d8000 nmethod 4789 0x000000000402c350 code [0x000000000402c6e0, 0x000000000402ee18]
Event: 8.410 Thread 0x00000000156d8000 4790       2       sun.reflect.UnsafeFieldAccessorFactory::newFieldAccessor (676 bytes)
Event: 8.412 Thread 0x00000000156d8000 nmethod 4790 0x00000000040314d0 code [0x00000000040319a0, 0x0000000004033288]
Event: 8.421 Thread 0x00000000156d8000 4793       2       sun.reflect.UnsafeQualifiedStaticIntegerFieldAccessorImpl::get (13 bytes)
Event: 8.421 Thread 0x00000000156d8000 nmethod 4793 0x0000000004034ed0 code [0x0000000004035020, 0x00000000040351d0]

GC Heap History (10 events):
Event: 3.791 GC heap before
{Heap before GC invocations=10 (full 1):
 PSYoungGen      total 118784K, used 118351K [0x00000000eb000000, 0x00000000f3980000, 0x0000000100000000)
  eden space 114176K, 100% used [0x00000000eb000000,0x00000000f1f80000,0x00000000f1f80000)
  from space 4608K, 90% used [0x00000000f3500000,0x00000000f3913fb8,0x00000000f3980000)
  to   space 6656K, 0% used [0x00000000f2c80000,0x00000000f2c80000,0x00000000f3300000)
 ParOldGen       total 28672K, used 5178K [0x00000000c1000000, 0x00000000c2c00000, 0x00000000eb000000)
  object space 28672K, 18% used [0x00000000c1000000,0x00000000c150ea10,0x00000000c2c00000)
 Metaspace       used 29913K, capacity 31004K, committed 31280K, reserved 1077248K
  class space    used 3891K, capacity 4110K, committed 4144K, reserved 1048576K
Event: 3.804 GC heap after
Heap after GC invocations=10 (full 1):
 PSYoungGen      total 134144K, used 6630K [0x00000000eb000000, 0x00000000f6280000, 0x0000000100000000)
  eden space 127488K, 0% used [0x00000000eb000000,0x00000000eb000000,0x00000000f2c80000)
  from space 6656K, 99% used [0x00000000f2c80000,0x00000000f32f9b18,0x00000000f3300000)
  to   space 9216K, 0% used [0x00000000f5980000,0x00000000f5980000,0x00000000f6280000)
 ParOldGen       total 28672K, used 9137K [0x00000000c1000000, 0x00000000c2c00000, 0x00000000eb000000)
  object space 28672K, 31% used [0x00000000c1000000,0x00000000c18ec6f8,0x00000000c2c00000)
 Metaspace       used 29913K, capacity 31004K, committed 31280K, reserved 1077248K
  class space    used 3891K, capacity 4110K, committed 4144K, reserved 1048576K
}
Event: 4.424 GC heap before
{Heap before GC invocations=11 (full 1):
 PSYoungGen      total 134144K, used 55996K [0x00000000eb000000, 0x00000000f6280000, 0x0000000100000000)
  eden space 127488K, 38% used [0x00000000eb000000,0x00000000ee0358c0,0x00000000f2c80000)
  from space 6656K, 99% used [0x00000000f2c80000,0x00000000f32f9b18,0x00000000f3300000)
  to   space 9216K, 0% used [0x00000000f5980000,0x00000000f5980000,0x00000000f6280000)
 ParOldGen       total 28672K, used 9137K [0x00000000c1000000, 0x00000000c2c00000, 0x00000000eb000000)
  object space 28672K, 31% used [0x00000000c1000000,0x00000000c18ec6f8,0x00000000c2c00000)
 Metaspace       used 34134K, capacity 35304K, committed 35496K, reserved 1081344K
  class space    used 4357K, capacity 4602K, committed 4656K, reserved 1048576K
Event: 4.436 GC heap after
Heap after GC invocations=11 (full 1):
 PSYoungGen      total 172032K, used 9203K [0x00000000eb000000, 0x00000000f7680000, 0x0000000100000000)
  eden space 162816K, 0% used [0x00000000eb000000,0x00000000eb000000,0x00000000f4f00000)
  from space 9216K, 99% used [0x00000000f5980000,0x00000000f627cea8,0x00000000f6280000)
  to   space 10752K, 0% used [0x00000000f4f00000,0x00000000f4f00000,0x00000000f5980000)
 ParOldGen       total 28672K, used 10667K [0x00000000c1000000, 0x00000000c2c00000, 0x00000000eb000000)
  object space 28672K, 37% used [0x00000000c1000000,0x00000000c1a6ad98,0x00000000c2c00000)
 Metaspace       used 34134K, capacity 35304K, committed 35496K, reserved 1081344K
  class space    used 4357K, capacity 4602K, committed 4656K, reserved 1048576K
}
Event: 4.436 GC heap before
{Heap before GC invocations=12 (full 2):
 PSYoungGen      total 172032K, used 9203K [0x00000000eb000000, 0x00000000f7680000, 0x0000000100000000)
  eden space 162816K, 0% used [0x00000000eb000000,0x00000000eb000000,0x00000000f4f00000)
  from space 9216K, 99% used [0x00000000f5980000,0x00000000f627cea8,0x00000000f6280000)
  to   space 10752K, 0% used [0x00000000f4f00000,0x00000000f4f00000,0x00000000f5980000)
 ParOldGen       total 28672K, used 10667K [0x00000000c1000000, 0x00000000c2c00000, 0x00000000eb000000)
  object space 28672K, 37% used [0x00000000c1000000,0x00000000c1a6ad98,0x00000000c2c00000)
 Metaspace       used 34134K, capacity 35304K, committed 35496K, reserved 1081344K
  class space    used 4357K, capacity 4602K, committed 4656K, reserved 1048576K
Event: 4.492 GC heap after
Heap after GC invocations=12 (full 2):
 PSYoungGen      total 172032K, used 0K [0x00000000eb000000, 0x00000000f7680000, 0x0000000100000000)
  eden space 162816K, 0% used [0x00000000eb000000,0x00000000eb000000,0x00000000f4f00000)
  from space 9216K, 0% used [0x00000000f5980000,0x00000000f5980000,0x00000000f6280000)
  to   space 10752K, 0% used [0x00000000f4f00000,0x00000000f4f00000,0x00000000f5980000)
 ParOldGen       total 47104K, used 15414K [0x00000000c1000000, 0x00000000c3e00000, 0x00000000eb000000)
  object space 47104K, 32% used [0x00000000c1000000,0x00000000c1f0d868,0x00000000c3e00000)
 Metaspace       used 34134K, capacity 35304K, committed 35496K, reserved 1081344K
  class space    used 4357K, capacity 4602K, committed 4656K, reserved 1048576K
}
Event: 5.914 GC heap before
{Heap before GC invocations=13 (full 2):
 PSYoungGen      total 172032K, used 162816K [0x00000000eb000000, 0x00000000f7680000, 0x0000000100000000)
  eden space 162816K, 100% used [0x00000000eb000000,0x00000000f4f00000,0x00000000f4f00000)
  from space 9216K, 0% used [0x00000000f5980000,0x00000000f5980000,0x00000000f6280000)
  to   space 10752K, 0% used [0x00000000f4f00000,0x00000000f4f00000,0x00000000f5980000)
 ParOldGen       total 47104K, used 15414K [0x00000000c1000000, 0x00000000c3e00000, 0x00000000eb000000)
  object space 47104K, 32% used [0x00000000c1000000,0x00000000c1f0d868,0x00000000c3e00000)
 Metaspace       used 45477K, capacity 47156K, committed 47408K, reserved 1089536K
  class space    used 6089K, capacity 6400K, committed 6448K, reserved 1048576K
Event: 5.927 GC heap after
Heap after GC invocations=13 (full 2):
 PSYoungGen      total 173568K, used 10741K [0x00000000eb000000, 0x00000000fa100000, 0x0000000100000000)
  eden space 162816K, 0% used [0x00000000eb000000,0x00000000eb000000,0x00000000f4f00000)
  from space 10752K, 99% used [0x00000000f4f00000,0x00000000f597d750,0x00000000f5980000)
  to   space 13312K, 0% used [0x00000000f9400000,0x00000000f9400000,0x00000000fa100000)
 ParOldGen       total 47104K, used 17608K [0x00000000c1000000, 0x00000000c3e00000, 0x00000000eb000000)
  object space 47104K, 37% used [0x00000000c1000000,0x00000000c2132060,0x00000000c3e00000)
 Metaspace       used 45477K, capacity 47156K, committed 47408K, reserved 1089536K
  class space    used 6089K, capacity 6400K, committed 6448K, reserved 1048576K
}
Event: 7.962 GC heap before
{Heap before GC invocations=14 (full 2):
 PSYoungGen      total 173568K, used 173557K [0x00000000eb000000, 0x00000000fa100000, 0x0000000100000000)
  eden space 162816K, 100% used [0x00000000eb000000,0x00000000f4f00000,0x00000000f4f00000)
  from space 10752K, 99% used [0x00000000f4f00000,0x00000000f597d750,0x00000000f5980000)
  to   space 13312K, 0% used [0x00000000f9400000,0x00000000f9400000,0x00000000fa100000)
 ParOldGen       total 47104K, used 17608K [0x00000000c1000000, 0x00000000c3e00000, 0x00000000eb000000)
  object space 47104K, 37% used [0x00000000c1000000,0x00000000c2132060,0x00000000c3e00000)
 Metaspace       used 49860K, capacity 52044K, committed 52144K, reserved 1093632K
  class space    used 6700K, capacity 7068K, committed 7088K, reserved 1048576K
Event: 7.985 GC heap after
Heap after GC invocations=14 (full 2):
 PSYoungGen      total 226304K, used 9704K [0x00000000eb000000, 0x00000000f9e00000, 0x0000000100000000)
  eden space 216064K, 0% used [0x00000000eb000000,0x00000000eb000000,0x00000000f8300000)
  from space 10240K, 94% used [0x00000000f9400000,0x00000000f9d7a128,0x00000000f9e00000)
  to   space 13824K, 0% used [0x00000000f8300000,0x00000000f8300000,0x00000000f9080000)
 ParOldGen       total 47104K, used 21560K [0x00000000c1000000, 0x00000000c3e00000, 0x00000000eb000000)
  object space 47104K, 45% used [0x00000000c1000000,0x00000000c250e1b0,0x00000000c3e00000)
 Metaspace       used 49860K, capacity 52044K, committed 52144K, reserved 1093632K
  class space    used 6700K, capacity 7068K, committed 7088K, reserved 1048576K
}

Deoptimization events (10 events):
Event: 7.271 Thread 0x0000000002f56000 Uncommon trap: reason=class_check action=maybe_recompile pc=0x00000000035a15f4 method=org.springframework.util.ConcurrentReferenceHashMap$Segment.findInChain(Lorg/springframework/util/ConcurrentReferenceHashMap$Reference;Ljava/lang/Object;I)Lorg/springfra
Event: 7.273 Thread 0x0000000002f56000 Uncommon trap: reason=class_check action=maybe_recompile pc=0x00000000035a15f4 method=org.springframework.util.ConcurrentReferenceHashMap$Segment.findInChain(Lorg/springframework/util/ConcurrentReferenceHashMap$Reference;Ljava/lang/Object;I)Lorg/springfra
Event: 7.273 Thread 0x0000000002f56000 Uncommon trap: reason=class_check action=maybe_recompile pc=0x00000000035a15f4 method=org.springframework.util.ConcurrentReferenceHashMap$Segment.findInChain(Lorg/springframework/util/ConcurrentReferenceHashMap$Reference;Ljava/lang/Object;I)Lorg/springfra
Event: 7.275 Thread 0x0000000002f56000 Uncommon trap: reason=unstable_if action=reinterpret pc=0x000000000359c7a4 method=org.springframework.util.ConcurrentReferenceHashMap$Segment.restructureIfNecessary(Z)V @ 33
Event: 7.328 Thread 0x0000000002f56000 Uncommon trap: reason=null_check action=make_not_entrant pc=0x00000000031bb5f0 method=org.springframework.core.annotation.AnnotatedElementUtils.searchWithGetSemanticsInAnnotations(Ljava/lang/reflect/AnnotatedElement;Ljava/util/List;Ljava/lang/Class;Ljava/
Event: 7.799 Thread 0x0000000002f56000 Uncommon trap: reason=unstable_if action=reinterpret pc=0x0000000003516c5c method=java.util.concurrent.ConcurrentHashMap.transfer([Ljava/util/concurrent/ConcurrentHashMap$Node;[Ljava/util/concurrent/ConcurrentHashMap$Node;)V @ 356
Event: 7.799 Thread 0x0000000002f56000 Uncommon trap: reason=unstable_if action=reinterpret pc=0x00000000034b4b88 method=java.util.concurrent.ConcurrentHashMap.transfer([Ljava/util/concurrent/ConcurrentHashMap$Node;[Ljava/util/concurrent/ConcurrentHashMap$Node;)V @ 356
Event: 8.067 Thread 0x0000000002f56000 Uncommon trap: reason=unstable_if action=reinterpret pc=0x00000000037ffc54 method=org.springframework.util.ConcurrentReferenceHashMap$Segment.clear()V @ 4
Event: 8.084 Thread 0x0000000002f56000 Uncommon trap: reason=unstable_if action=reinterpret pc=0x00000000037ee7c0 method=java.util.LinkedHashMap.get(Ljava/lang/Object;)Ljava/lang/Object; @ 20
Event: 8.089 Thread 0x0000000002f56000 Uncommon trap: reason=unstable_if action=reinterpret pc=0x000000000386164c method=org.springframework.core.annotation.AnnotatedElementUtils$MergedAnnotationAttributesProcessor.<init>(ZZZ)V @ 21

Classes redefined (0 events):
No events

Internal exceptions (10 events):
Event: 8.033 Thread 0x0000000002f56000 Exception <a 'java/lang/ClassNotFoundException': org/springframework/web/context/ServletContextAwareCustomizer> (0x00000000eb9d8d88) thrown at [C:\re\workspace\8-2-build-windows-amd64-cygwin\jdk8u172\10810\hotspot\src\share\vm\classfile\systemDictionary.c
Event: 8.033 Thread 0x0000000002f56000 Exception <a 'java/lang/ClassNotFoundException': org/springframework/beans/factory/InitializingBeanCustomizer> (0x00000000eb9f30b8) thrown at [C:\re\workspace\8-2-build-windows-amd64-cygwin\jdk8u172\10810\hotspot\src\share\vm\classfile\systemDictionary.cp
Event: 8.033 Thread 0x0000000002f56000 Exception <a 'java/lang/ClassNotFoundException': org/springframework/beans/factory/DisposableBeanCustomizer> (0x00000000eba0b858) thrown at [C:\re\workspace\8-2-build-windows-amd64-cygwin\jdk8u172\10810\hotspot\src\share\vm\classfile\systemDictionary.cpp,
Event: 8.035 Thread 0x0000000002f56000 Exception <a 'java/lang/ClassNotFoundException': java/lang/ObjectCustomizer> (0x00000000eba4bda8) thrown at [C:\re\workspace\8-2-build-windows-amd64-cygwin\jdk8u172\10810\hotspot\src\share\vm\classfile\systemDictionary.cpp, line 210]
Event: 8.036 Thread 0x0000000002f56000 Exception <a 'java/lang/ClassNotFoundException': org/springframework/web/multipart/support/StandardServletMultipartResolverCustomizer> (0x00000000eba6f880) thrown at [C:\re\workspace\8-2-build-windows-amd64-cygwin\jdk8u172\10810\hotspot\src\share\vm\class
Event: 8.036 Thread 0x0000000002f56000 Exception <a 'java/lang/ClassNotFoundException': org/springframework/web/multipart/MultipartResolverCustomizer> (0x00000000eba8dfe8) thrown at [C:\re\workspace\8-2-build-windows-amd64-cygwin\jdk8u172\10810\hotspot\src\share\vm\classfile\systemDictionary.c
Event: 8.084 Thread 0x0000000002f56000 Exception <a 'java/lang/ClassNotFoundException': java/lang/ObjectCustomizer> (0x00000000ebfb3da0) thrown at [C:\re\workspace\8-2-build-windows-amd64-cygwin\jdk8u172\10810\hotspot\src\share\vm\classfile\systemDictionary.cpp, line 210]
Event: 8.084 Thread 0x0000000002f56000 Exception <a 'java/lang/ClassNotFoundException': com/sun/sell/service/impl/OrderServiceImplTestCustomizer> (0x00000000ebfcf4e0) thrown at [C:\re\workspace\8-2-build-windows-amd64-cygwin\jdk8u172\10810\hotspot\src\share\vm\classfile\systemDictionary.cpp, l
Event: 8.216 Thread 0x0000000002f56000 Exception <a 'java/lang/NoSuchMethodError': java.lang.Object.lambda$mapIfAllPresent$6(Ljava/util/Optional;Ljava/util/function/BiFunction;Ljava/lang/Object;)Ljava/util/Optional;> (0x00000000ecca1678) thrown at [C:\re\workspace\8-2-build-windows-amd64-cygwi
Event: 8.216 Thread 0x0000000002f56000 Exception <a 'java/lang/NoSuchMethodError': java.lang.Object.lambda$null$5(Ljava/util/function/BiFunction;Ljava/lang/Object;Ljava/lang/Object;)Ljava/lang/Object;> (0x00000000ecca6120) thrown at [C:\re\workspace\8-2-build-windows-amd64-cygwin\jdk8u172\1081

Events (10 events):
Event: 8.421 loading class org/hibernate/hql/internal/ast/HqlParser
Event: 8.421 loading class org/hibernate/hql/internal/ast/HqlParser done
Event: 8.422 loading class org/hibernate/hql/internal/antlr/HqlBaseParser
Event: 8.422 loading class org/hibernate/hql/internal/antlr/HqlBaseParser done
Event: 8.427 loading class antlr/LLkParser
Event: 8.427 loading class antlr/LLkParser done
Event: 8.431 loading class antlr/Parser
Event: 8.431 loading class antlr/Parser done
Event: 8.433 loading class antlr/MismatchedTokenException
Event: 8.433 loading class antlr/MismatchedTokenException done


Dynamic libraries:
0x00007ff665b80000 - 0x00007ff665bb7000 	D:\JDK1.8\jdk\bin\java.exe
0x00007ffadba20000 - 0x00007ffadbc01000 	C:\WINDOWS\SYSTEM32\ntdll.dll
0x00007ffadb750000 - 0x00007ffadb802000 	C:\WINDOWS\System32\KERNEL32.DLL
0x00007ffad7f10000 - 0x00007ffad8183000 	C:\WINDOWS\System32\KERNELBASE.dll
0x00007ffadb030000 - 0x00007ffadb0d1000 	C:\WINDOWS\System32\ADVAPI32.dll
0x00007ffada9f0000 - 0x00007ffadaa8e000 	C:\WINDOWS\System32\msvcrt.dll
0x00007ffadb810000 - 0x00007ffadb86b000 	C:\WINDOWS\System32\sechost.dll
0x00007ffadb600000 - 0x00007ffadb724000 	C:\WINDOWS\System32\RPCRT4.dll
0x00007ffadacc0000 - 0x00007ffadae50000 	C:\WINDOWS\System32\USER32.dll
0x00007ffad8240000 - 0x00007ffad8260000 	C:\WINDOWS\System32\win32u.dll
0x00007ffadb180000 - 0x00007ffadb1a8000 	C:\WINDOWS\System32\GDI32.dll
0x00007ffad8d10000 - 0x00007ffad8ea2000 	C:\WINDOWS\System32\gdi32full.dll
0x00007ffad7e70000 - 0x00007ffad7f0f000 	C:\WINDOWS\System32\msvcp_win.dll
0x00007ffad8bb0000 - 0x00007ffad8caa000 	C:\WINDOWS\System32\ucrtbase.dll
0x00007ffad0020000 - 0x00007ffad0289000 	C:\WINDOWS\WinSxS\amd64_microsoft.windows.common-controls_6595b64144ccf1df_6.0.17134.165_none_fb429645306569ac\COMCTL32.dll
0x00007ffada630000 - 0x00007ffada953000 	C:\WINDOWS\System32\combase.dll
0x00007ffad7df0000 - 0x00007ffad7e6a000 	C:\WINDOWS\System32\bcryptPrimitives.dll
0x00007ffadb140000 - 0x00007ffadb16d000 	C:\WINDOWS\System32\IMM32.DLL
0x00000000687d0000 - 0x00000000688a2000 	D:\JDK1.8\jdk\jre\bin\msvcr100.dll
0x0000000066310000 - 0x0000000066bb3000 	D:\JDK1.8\jdk\jre\bin\server\jvm.dll
0x00007ffada2f0000 - 0x00007ffada2f8000 	C:\WINDOWS\System32\PSAPI.DLL
0x00007ffad49f0000 - 0x00007ffad4a13000 	C:\WINDOWS\SYSTEM32\WINMM.dll
0x00007ffad49c0000 - 0x00007ffad49ea000 	C:\WINDOWS\SYSTEM32\WINMMBASE.dll
0x00007ffabab50000 - 0x00007ffabab59000 	C:\WINDOWS\SYSTEM32\WSOCK32.dll
0x00007ffad8b60000 - 0x00007ffad8ba9000 	C:\WINDOWS\System32\cfgmgr32.dll
0x00007ffadaa90000 - 0x00007ffadaafc000 	C:\WINDOWS\System32\WS2_32.dll
0x00007ffad29f0000 - 0x00007ffad29fa000 	C:\WINDOWS\SYSTEM32\VERSION.dll
0x0000000069180000 - 0x000000006918f000 	D:\JDK1.8\jdk\jre\bin\verify.dll
0x0000000069150000 - 0x0000000069179000 	D:\JDK1.8\jdk\jre\bin\java.dll
0x0000000068780000 - 0x00000000687a3000 	D:\JDK1.8\jdk\jre\bin\instrument.dll
0x00000000687b0000 - 0x00000000687c6000 	D:\JDK1.8\jdk\jre\bin\zip.dll
0x00007ffad8eb0000 - 0x00007ffada2f0000 	C:\WINDOWS\System32\SHELL32.dll
0x00007ffadb940000 - 0x00007ffadb9e9000 	C:\WINDOWS\System32\shcore.dll
0x00007ffad8260000 - 0x00007ffad896d000 	C:\WINDOWS\System32\windows.storage.dll
0x00007ffadac60000 - 0x00007ffadacb1000 	C:\WINDOWS\System32\shlwapi.dll
0x00007ffad7dd0000 - 0x00007ffad7de1000 	C:\WINDOWS\System32\kernel.appcore.dll
0x00007ffad7d90000 - 0x00007ffad7daf000 	C:\WINDOWS\System32\profapi.dll
0x00007ffad7d40000 - 0x00007ffad7d8c000 	C:\WINDOWS\System32\powrprof.dll
0x00007ffad7d30000 - 0x00007ffad7d3a000 	C:\WINDOWS\System32\FLTLIB.DLL
0x00007ffac9ef0000 - 0x00007ffac9f0a000 	D:\IDEA\IntelliJ IDEA 2018.1.1\bin\breakgen64.dll
0x0000000068760000 - 0x000000006877a000 	D:\JDK1.8\jdk\jre\bin\net.dll
0x00007ffad75b0000 - 0x00007ffad7616000 	C:\WINDOWS\system32\mswsock.dll
0x0000000068730000 - 0x0000000068741000 	D:\JDK1.8\jdk\jre\bin\nio.dll
0x0000000068750000 - 0x000000006875d000 	D:\JDK1.8\jdk\jre\bin\management.dll
0x00007ffacc5e0000 - 0x00007ffacc5f6000 	C:\WINDOWS\system32\napinsp.dll
0x00007ffacc5c0000 - 0x00007ffacc5da000 	C:\WINDOWS\system32\pnrpnsp.dll
0x00007ffad3ab0000 - 0x00007ffad3ac9000 	C:\WINDOWS\system32\NLAapi.dll
0x00007ffad7370000 - 0x00007ffad742e000 	C:\WINDOWS\SYSTEM32\DNSAPI.dll
0x00007ffadb170000 - 0x00007ffadb178000 	C:\WINDOWS\System32\NSI.dll
0x00007ffad7330000 - 0x00007ffad7368000 	C:\WINDOWS\SYSTEM32\IPHLPAPI.DLL
0x00007ffaccb00000 - 0x00007ffaccb0e000 	C:\WINDOWS\System32\winrnr.dll
0x00007ffacfa40000 - 0x00007ffacfa4a000 	C:\Windows\System32\rasadhlp.dll
0x00007ffad30a0000 - 0x00007ffad3112000 	C:\WINDOWS\System32\fwpuclnt.dll
0x00007ffad7890000 - 0x00007ffad78b5000 	C:\WINDOWS\SYSTEM32\bcrypt.dll
0x00007ffad7770000 - 0x00007ffad7787000 	C:\WINDOWS\SYSTEM32\CRYPTSP.dll
0x00007ffad7190000 - 0x00007ffad71c3000 	C:\WINDOWS\system32\rsaenh.dll
0x00007ffad7c30000 - 0x00007ffad7c58000 	C:\WINDOWS\SYSTEM32\USERENV.dll
0x00007ffad7760000 - 0x00007ffad776b000 	C:\WINDOWS\SYSTEM32\CRYPTBASE.dll
0x00007ffad3500000 - 0x00007ffad3516000 	C:\WINDOWS\SYSTEM32\dhcpcsvc6.DLL
0x00007ffad3390000 - 0x00007ffad33aa000 	C:\WINDOWS\SYSTEM32\dhcpcsvc.DLL

VM Arguments:
jvm_args: -ea -Didea.test.cyclic.buffer.size=1048576 -javaagent:D:\IDEA\IntelliJ IDEA 2018.1.1\lib\idea_rt.jar=53100:D:\IDEA\IntelliJ IDEA 2018.1.1\bin -Dfile.encoding=UTF-8 
java_command: com.intellij.rt.execution.junit.JUnitStarter -ideVersion5 -junit4 com.sun.sell.service.impl.OrderServiceImplTest,finish
java_class_path (initial): D:\IDEA\IntelliJ IDEA 2018.1.1\lib\idea_rt.jar;D:\IDEA\IntelliJ IDEA 2018.1.1\plugins\junit\lib\junit-rt.jar;D:\IDEA\IntelliJ IDEA 2018.1.1\plugins\junit\lib\junit5-rt.jar;D:\JDK1.8\jdk\jre\lib\charsets.jar;D:\JDK1.8\jdk\jre\lib\deploy.jar;D:\JDK1.8\jdk\jre\lib\ext\access-bridge-64.jar;D:\JDK1.8\jdk\jre\lib\ext\cldrdata.jar;D:\JDK1.8\jdk\jre\lib\ext\dnsns.jar;D:\JDK1.8\jdk\jre\lib\ext\jaccess.jar;D:\JDK1.8\jdk\jre\lib\ext\jfxrt.jar;D:\JDK1.8\jdk\jre\lib\ext\localedata.jar;D:\JDK1.8\jdk\jre\lib\ext\nashorn.jar;D:\JDK1.8\jdk\jre\lib\ext\sunec.jar;D:\JDK1.8\jdk\jre\lib\ext\sunjce_provider.jar;D:\JDK1.8\jdk\jre\lib\ext\sunmscapi.jar;D:\JDK1.8\jdk\jre\lib\ext\sunpkcs11.jar;D:\JDK1.8\jdk\jre\lib\ext\zipfs.jar;D:\JDK1.8\jdk\jre\lib\javaws.jar;D:\JDK1.8\jdk\jre\lib\jce.jar;D:\JDK1.8\jdk\jre\lib\jfr.jar;D:\JDK1.8\jdk\jre\lib\jfxswt.jar;D:\JDK1.8\jdk\jre\lib\jsse.jar;D:\JDK1.8\jdk\jre\lib\management-agent.jar;D:\JDK1.8\jdk\jre\lib\plugin.jar;D:\JDK1.8\jdk\jre\lib\resources.jar;D:\JDK1.8\jdk\jre\lib\rt.jar;D:\sell\target\test-classes;D:\sell\target\classes;C:\Users\Administrator\.m2\repository\org\springframework\boot\spring-boot-starter-web\2.0.4.RELEASE\spring-boot-starter-web-2.0.4.RELEASE.jar;C:\Users\Administrator\.m2\repository\org\springframework\boot\spring-boot-starter\2.0.4.RELEASE\spring-boot-starter-2.0.4.RELEASE.jar;C:\Users\Administrator\.m2\repository\org\springframework\boot\spring-boot\2.0.4.RELEASE\spring-boot-2.0.4.RELEASE.jar;C:\Users\Administrator\.m2\repository\org\springframework\boot\spring-boot-autoconfigure\2.0.4.RELEASE\spring-boot-autoconfigure-2.0.4.RELEASE.jar;C:\Users\Administrator\.m2\repository\org\springframework\boot\spring-boot-starter-logging\2.0.4.RELEASE\spring-boot-starter-logging-2.0.4.RELEASE.jar;C:\Users\Administrator\.m2\repository\ch\qos\logback\logback-classic\1.2.3\logback-classic-1.2.3.jar;C:\Users\Administrator\.m2\repository\ch\qos\logback\logback-core\1.2.3\logback-core-1.2.3.jar;C:\Users\Administr
Launcher Type: SUN_STANDARD

Environment Variables:
JAVA_HOME=D:\JDK1.8
PATH=D:\git\Git\cmd;C:\WINDOWS\system32;C:\WINDOWS;C:\WINDOWS\System32\Wbem;C:\WINDOWS\System32\WindowsPowerShell\v1.0\;D:\JDK1.8\bin;C:\Program Files\MySQL\MySQL Utilities 1.6\;D:\Maven\apache-maven-3.0.5\bin;C:\WINDOWS\System32\OpenSSH\;C:\Users\Administrator\AppData\Local\Microsoft\WindowsApps;C:\Program Files\Bandizip\;
USERNAME=Administrator
OS=Windows_NT
PROCESSOR_IDENTIFIER=Intel64 Family 6 Model 60 Stepping 3, GenuineIntel



---------------  S Y S T E M  ---------------

OS: Windows 10.0 , 64 bit Build 17134 (10.0.17134.1)

CPU:total 4 (initial active 4) (4 cores per cpu, 1 threads per core) family 6 model 60 stepping 3, cmov, cx8, fxsr, mmx, sse, sse2, sse3, ssse3, sse4.1, sse4.2, popcnt, avx, avx2, aes, clmul, erms, lzcnt, tsc, tscinvbit, bmi1, bmi2

Memory: 4k page, physical 4126632k(297732k free), swap 10578072k(6892k free)

vm_info: Java HotSpot(TM) 64-Bit Server VM (25.172-b11) for windows-amd64 JRE (1.8.0_172-b11), built on Mar 28 2018 21:21:52 by "java_re" with MS VC++ 10.0 (VS2010)

time: Fri Aug 03 15:47:13 2018
elapsed time: 8 seconds (0d 0h 0m 8s)

